#
# There is insufficient memory for the Java Runtime Environment to continue.
# Native memory allocation (malloc) failed to allocate 1127376 bytes. Error detail: Chunk::new
# Possible reasons:
#   The system is out of physical RAM or swap space
#   This process is running with CompressedOops enabled, and the Java Heap may be blocking the growth of the native heap
# Possible solutions:
#   Reduce memory load on the system
#   Increase physical memory or swap space
#   Check if swap backing store is full
#   Decrease Java heap size (-Xmx/-Xms)
#   Decrease number of Java threads
#   Decrease Java thread stack sizes (-Xss)
#   Set larger code cache with -XX:ReservedCodeCacheSize=
#   JVM is running with Unscaled Compressed Oops mode in which the Java heap is
#     placed in the first 4GB address space. The Java Heap base address is the
#     maximum limit for the native heap growth. Please use -XX:HeapBaseMinAddress
#     to set the Java Heap base and to place the Java Heap above 4GB virtual address.
# This output file may be truncated or incomplete.
#
#  Out of Memory Error (arena.cpp:168), pid=20328, tid=29748
#
# JRE version: OpenJDK Runtime Environment Microsoft-13106404 (21.0.10+7) (build 21.0.10+7-LTS)
# Java VM: OpenJDK 64-Bit Server VM Microsoft-13106404 (21.0.10+7-LTS, mixed mode, sharing, tiered, compressed oops, compressed class ptrs, g1 gc, windows-amd64)
# No core dump will be written. Minidumps are not enabled by default on client versions of Windows
#

---------------  S U M M A R Y ------------

Command Line: org.jetbrains.kotlin.cli.jvm.K2JVMCompiler @C:\Users\hulbe\AndroidStudioProjects\ComuniApp\app\build\20260416_2102812926541088755.compiler.options

Host: 12th Gen Intel(R) Core(TM) i5-12450H, 12 cores, 7G,  Windows 11 , 64 bit Build 26100 (10.0.26100.8246)
Time: Thu Apr 16 22:33:50 2026 Hora est. Pacífico, Sudamérica elapsed time: 130.236150 seconds (0d 0h 2m 10s)

---------------  T H R E A D  ---------------

Current thread (0x000001b8333e38f0):  JavaThread "C2 CompilerThread0" daemon [_thread_in_native, id=29748, stack(0x0000005160100000,0x0000005160200000) (1024K)]


Current CompileTask:
C2:130236 13937       4       org.jetbrains.kotlin.fir.analysis.cfa.util.CfgTraverserKt::traverseOnce (529 bytes)

Stack: [0x0000005160100000,0x0000005160200000]
Native frames: (J=compiled Java code, j=interpreted, Vv=VM code, C=native code)
V  [jvm.dll+0x6dfe69]  (no source info available)
V  [jvm.dll+0x8bfe4b]  (no source info available)
V  [jvm.dll+0x8c23da]  (no source info available)
V  [jvm.dll+0x8c2ab3]  (no source info available)
V  [jvm.dll+0x28a9e6]  (no source info available)
V  [jvm.dll+0xc903d]  (no source info available)
V  [jvm.dll+0xc958c]  (no source info available)
V  [jvm.dll+0x3c83d2]  (no source info available)
V  [jvm.dll+0x394a32]  (no source info available)
V  [jvm.dll+0x393e8a]  (no source info available)
V  [jvm.dll+0x252670]  (no source info available)
V  [jvm.dll+0x251c93]  (no source info available)
V  [jvm.dll+0x1d1adf]  (no source info available)
V  [jvm.dll+0x26195a]  (no source info available)
V  [jvm.dll+0x25fcc5]  (no source info available)
V  [jvm.dll+0x402155]  (no source info available)
V  [jvm.dll+0x86ab8d]  (no source info available)
V  [jvm.dll+0x6e141d]  (no source info available)
C  [ucrtbase.dll+0x37b0]  (no source info available)
C  [KERNEL32.DLL+0x2e8d7]  (no source info available)
C  [ntdll.dll+0x8c3fc]  (no source info available)


---------------  P R O C E S S  ---------------

Threads class SMR info:
_java_thread_list=0x000001b80a5197b0, length=11, elements={
0x000001b814180990, 0x000001b8333cc5a0, 0x000001b8333d0b90, 0x000001b8333d2c90,
0x000001b8333d6140, 0x000001b8333d4c80, 0x000001b8333dc4d0, 0x000001b8333e38f0,
0x000001b8333e96d0, 0x000001b8335737d0, 0x000001b83357e030
}

Java Threads: ( => current thread )
  0x000001b814180990 JavaThread "main"                              [_thread_in_vm, id=2156, stack(0x000000515f300000,0x000000515f400000) (1024K)]
  0x000001b8333cc5a0 JavaThread "Reference Handler"          daemon [_thread_blocked, id=22412, stack(0x000000515fb00000,0x000000515fc00000) (1024K)]
  0x000001b8333d0b90 JavaThread "Finalizer"                  daemon [_thread_blocked, id=3608, stack(0x000000515fc00000,0x000000515fd00000) (1024K)]
  0x000001b8333d2c90 JavaThread "Signal Dispatcher"          daemon [_thread_blocked, id=35208, stack(0x000000515fd00000,0x000000515fe00000) (1024K)]
  0x000001b8333d6140 JavaThread "Attach Listener"            daemon [_thread_blocked, id=40012, stack(0x000000515fe00000,0x000000515ff00000) (1024K)]
  0x000001b8333d4c80 JavaThread "Service Thread"             daemon [_thread_blocked, id=25060, stack(0x000000515ff00000,0x0000005160000000) (1024K)]
  0x000001b8333dc4d0 JavaThread "Monitor Deflation Thread"   daemon [_thread_blocked, id=9324, stack(0x0000005160000000,0x0000005160100000) (1024K)]
=>0x000001b8333e38f0 JavaThread "C2 CompilerThread0"         daemon [_thread_in_native, id=29748, stack(0x0000005160100000,0x0000005160200000) (1024K)]
  0x000001b8333e96d0 JavaThread "C1 CompilerThread0"         daemon [_thread_blocked, id=11912, stack(0x0000005160200000,0x0000005160300000) (1024K)]
  0x000001b8335737d0 JavaThread "Notification Thread"        daemon [_thread_blocked, id=27840, stack(0x0000005160300000,0x0000005160400000) (1024K)]
  0x000001b83357e030 JavaThread "Common-Cleaner"             daemon [_thread_blocked, id=26588, stack(0x0000005160400000,0x0000005160500000) (1024K)]
Total: 11

Other Threads:
  0x000001b8333acd60 VMThread "VM Thread"                           [id=16760, stack(0x000000515fa00000,0x000000515fb00000) (1024K)]
  0x000001b83339b660 WatcherThread "VM Periodic Task Thread"        [id=30472, stack(0x000000515f900000,0x000000515fa00000) (1024K)]
  0x000001b8164cdd10 WorkerThread "GC Thread#0"                     [id=21024, stack(0x000000515f400000,0x000000515f500000) (1024K)]
  0x000001b8334ec350 WorkerThread "GC Thread#1"                     [id=18576, stack(0x0000005160500000,0x0000005160600000) (1024K)]
  0x000001b879369530 WorkerThread "GC Thread#2"                     [id=24680, stack(0x0000005160600000,0x0000005160700000) (1024K)]
  0x000001b8793698e0 WorkerThread "GC Thread#3"                     [id=22560, stack(0x0000005160700000,0x0000005160800000) (1024K)]
  0x000001b879369c90 WorkerThread "GC Thread#4"                     [id=13868, stack(0x0000005160800000,0x0000005160900000) (1024K)]
  0x000001b87936a040 WorkerThread "GC Thread#5"                     [id=22496, stack(0x0000005160900000,0x0000005160a00000) (1024K)]
  0x000001b87985c520 WorkerThread "GC Thread#6"                     [id=24216, stack(0x0000005160a00000,0x0000005160b00000) (1024K)]
  0x000001b87985b660 WorkerThread "GC Thread#7"                     [id=38948, stack(0x0000005160b00000,0x0000005160c00000) (1024K)]
  0x000001b87985af00 WorkerThread "GC Thread#8"                     [id=24088, stack(0x0000005160c00000,0x0000005160d00000) (1024K)]
  0x000001b87985c8d0 WorkerThread "GC Thread#9"                     [id=17428, stack(0x0000005160d00000,0x0000005160e00000) (1024K)]
  0x000001b8164deb90 ConcurrentGCThread "G1 Main Marker"            [id=27196, stack(0x000000515f500000,0x000000515f600000) (1024K)]
  0x000001b8164df6a0 WorkerThread "G1 Conc#0"                       [id=21668, stack(0x000000515f600000,0x000000515f700000) (1024K)]
  0x000001b87a5b91d0 WorkerThread "G1 Conc#1"                       [id=21280, stack(0x0000005160e00000,0x0000005160f00000) (1024K)]
  0x000001b87a5b9ce0 WorkerThread "G1 Conc#2"                       [id=26908, stack(0x0000005160f00000,0x0000005161000000) (1024K)]
  0x000001b83326b140 ConcurrentGCThread "G1 Refine#0"               [id=33408, stack(0x000000515f700000,0x000000515f800000) (1024K)]
  0x000001b83326b970 ConcurrentGCThread "G1 Service"                [id=25128, stack(0x000000515f800000,0x000000515f900000) (1024K)]
Total: 18

Threads with active compile tasks:
C2 CompilerThread0  130291 13937       4       org.jetbrains.kotlin.fir.analysis.cfa.util.CfgTraverserKt::traverseOnce (529 bytes)
Total: 1

VM state: not at safepoint (normal execution)

VM Mutex/Monitor currently owned by a thread: None

Heap address: 0x0000000084c00000, size: 1972 MB, Compressed Oops mode: 32-bit

CDS archive(s) mapped at: [0x000001b834000000-0x000001b834c80000-0x000001b834c80000), size 13107200, SharedBaseAddress: 0x000001b834000000, ArchiveRelocationMode: 1.
Compressed class space mapped at: 0x000001b835000000-0x000001b875000000, reserved size: 1073741824
Narrow klass base: 0x000001b834000000, Narrow klass shift: 0, Narrow klass range: 0x100000000

GC Precious Log:
 CardTable entry size: 512
 Card Set container configuration: InlinePtr #cards 5 size 8 Array Of Cards #cards 12 size 40 Howl #buckets 4 coarsen threshold 1843 Howl Bitmap #cards 512 size 80 coarsen threshold 460 Card regions per heap region 1 cards per card region 2048
 CPUs: 12 total, 12 available
 Memory: 7884M
 Large Page Support: Disabled
 NUMA Support: Disabled
 Compressed Oops: Enabled (32-bit)
 Heap Region Size: 1M
 Heap Min Capacity: 8M
 Heap Initial Capacity: 124M
 Heap Max Capacity: 1972M
 Pre-touch: Disabled
 Parallel Workers: 10
 Concurrent Workers: 3
 Concurrent Refinement Workers: 10
 Periodic GC: Disabled

Heap:
 garbage-first heap   total 309248K, used 227841K [0x0000000084c00000, 0x0000000100000000)
  region size 1024K, 43 young (44032K), 8 survivors (8192K)
 Metaspace       used 66720K, committed 67072K, reserved 1114112K
  class space    used 7308K, committed 7488K, reserved 1048576K

Heap Regions: E=young(eden), S=young(survivor), O=old, HS=humongous(starts), HC=humongous(continues), CS=collection set, F=free, TAMS=top-at-mark-start, PB=parsable bottom
|   0|0x0000000084c00000, 0x0000000084d00000, 0x0000000084d00000|100%|HS|  |TAMS 0x0000000084c00000| PB 0x0000000084c00000| Complete 
|   1|0x0000000084d00000, 0x0000000084e00000, 0x0000000084e00000|100%|HC|  |TAMS 0x0000000084d00000| PB 0x0000000084d00000| Complete 
|   2|0x0000000084e00000, 0x0000000084f00000, 0x0000000084f00000|100%|HC|  |TAMS 0x0000000084e00000| PB 0x0000000084e00000| Complete 
|   3|0x0000000084f00000, 0x0000000085000000, 0x0000000085000000|100%|HC|  |TAMS 0x0000000084f00000| PB 0x0000000084f00000| Complete 
|   4|0x0000000085000000, 0x0000000085100000, 0x0000000085100000|100%| O|  |TAMS 0x0000000085000000| PB 0x0000000085000000| Untracked 
|   5|0x0000000085100000, 0x0000000085200000, 0x0000000085200000|100%| O|  |TAMS 0x0000000085100000| PB 0x0000000085100000| Untracked 
|   6|0x0000000085200000, 0x0000000085300000, 0x0000000085300000|100%| O|  |TAMS 0x0000000085200000| PB 0x0000000085200000| Untracked 
|   7|0x0000000085300000, 0x0000000085400000, 0x0000000085400000|100%| O|  |TAMS 0x0000000085300000| PB 0x0000000085300000| Untracked 
|   8|0x0000000085400000, 0x0000000085500000, 0x0000000085500000|100%| O|  |TAMS 0x0000000085400000| PB 0x0000000085400000| Untracked 
|   9|0x0000000085500000, 0x0000000085600000, 0x0000000085600000|100%| O|  |TAMS 0x0000000085500000| PB 0x0000000085500000| Untracked 
|  10|0x0000000085600000, 0x0000000085700000, 0x0000000085700000|100%| O|  |TAMS 0x0000000085600000| PB 0x0000000085600000| Untracked 
|  11|0x0000000085700000, 0x0000000085800000, 0x0000000085800000|100%| O|  |TAMS 0x0000000085700000| PB 0x0000000085700000| Untracked 
|  12|0x0000000085800000, 0x0000000085900000, 0x0000000085900000|100%| O|  |TAMS 0x0000000085800000| PB 0x0000000085800000| Untracked 
|  13|0x0000000085900000, 0x0000000085a00000, 0x0000000085a00000|100%| O|  |TAMS 0x0000000085900000| PB 0x0000000085900000| Untracked 
|  14|0x0000000085a00000, 0x0000000085b00000, 0x0000000085b00000|100%| O|  |TAMS 0x0000000085a00000| PB 0x0000000085a00000| Untracked 
|  15|0x0000000085b00000, 0x0000000085c00000, 0x0000000085c00000|100%| O|  |TAMS 0x0000000085b00000| PB 0x0000000085b00000| Untracked 
|  16|0x0000000085c00000, 0x0000000085d00000, 0x0000000085d00000|100%| O|  |TAMS 0x0000000085c00000| PB 0x0000000085c00000| Untracked 
|  17|0x0000000085d00000, 0x0000000085e00000, 0x0000000085e00000|100%| O|  |TAMS 0x0000000085d00000| PB 0x0000000085d00000| Untracked 
|  18|0x0000000085e00000, 0x0000000085f00000, 0x0000000085f00000|100%| O|  |TAMS 0x0000000085e00000| PB 0x0000000085e00000| Untracked 
|  19|0x0000000085f00000, 0x0000000086000000, 0x0000000086000000|100%| O|  |TAMS 0x0000000085f00000| PB 0x0000000085f00000| Untracked 
|  20|0x0000000086000000, 0x0000000086100000, 0x0000000086100000|100%| O|  |TAMS 0x0000000086000000| PB 0x0000000086000000| Untracked 
|  21|0x0000000086100000, 0x0000000086200000, 0x0000000086200000|100%| O|  |TAMS 0x0000000086100000| PB 0x0000000086100000| Untracked 
|  22|0x0000000086200000, 0x0000000086300000, 0x0000000086300000|100%| O|  |TAMS 0x0000000086200000| PB 0x0000000086200000| Untracked 
|  23|0x0000000086300000, 0x0000000086400000, 0x0000000086400000|100%| O|  |TAMS 0x0000000086300000| PB 0x0000000086300000| Untracked 
|  24|0x0000000086400000, 0x0000000086500000, 0x0000000086500000|100%| O|  |TAMS 0x0000000086400000| PB 0x0000000086400000| Untracked 
|  25|0x0000000086500000, 0x0000000086600000, 0x0000000086600000|100%| O|  |TAMS 0x0000000086500000| PB 0x0000000086500000| Untracked 
|  26|0x0000000086600000, 0x0000000086700000, 0x0000000086700000|100%| O|  |TAMS 0x0000000086600000| PB 0x0000000086600000| Untracked 
|  27|0x0000000086700000, 0x0000000086800000, 0x0000000086800000|100%| O|  |TAMS 0x0000000086700000| PB 0x0000000086700000| Untracked 
|  28|0x0000000086800000, 0x0000000086900000, 0x0000000086900000|100%| O|  |TAMS 0x0000000086800000| PB 0x0000000086800000| Untracked 
|  29|0x0000000086900000, 0x0000000086a00000, 0x0000000086a00000|100%| O|  |TAMS 0x0000000086900000| PB 0x0000000086900000| Untracked 
|  30|0x0000000086a00000, 0x0000000086b00000, 0x0000000086b00000|100%| O|  |TAMS 0x0000000086a00000| PB 0x0000000086a00000| Untracked 
|  31|0x0000000086b00000, 0x0000000086c00000, 0x0000000086c00000|100%| O|  |TAMS 0x0000000086b00000| PB 0x0000000086b00000| Untracked 
|  32|0x0000000086c00000, 0x0000000086d00000, 0x0000000086d00000|100%| O|  |TAMS 0x0000000086c00000| PB 0x0000000086c00000| Untracked 
|  33|0x0000000086d00000, 0x0000000086e00000, 0x0000000086e00000|100%| O|  |TAMS 0x0000000086d00000| PB 0x0000000086d00000| Untracked 
|  34|0x0000000086e00000, 0x0000000086f00000, 0x0000000086f00000|100%| O|  |TAMS 0x0000000086e00000| PB 0x0000000086e00000| Untracked 
|  35|0x0000000086f00000, 0x0000000087000000, 0x0000000087000000|100%| O|  |TAMS 0x0000000086f00000| PB 0x0000000086f00000| Untracked 
|  36|0x0000000087000000, 0x0000000087100000, 0x0000000087100000|100%| O|  |TAMS 0x0000000087000000| PB 0x0000000087000000| Untracked 
|  37|0x0000000087100000, 0x0000000087200000, 0x0000000087200000|100%| O|  |TAMS 0x0000000087100000| PB 0x0000000087100000| Untracked 
|  38|0x0000000087200000, 0x0000000087300000, 0x0000000087300000|100%| O|  |TAMS 0x0000000087200000| PB 0x0000000087200000| Untracked 
|  39|0x0000000087300000, 0x0000000087400000, 0x0000000087400000|100%| O|  |TAMS 0x0000000087300000| PB 0x0000000087300000| Untracked 
|  40|0x0000000087400000, 0x0000000087500000, 0x0000000087500000|100%| O|  |TAMS 0x0000000087400000| PB 0x0000000087400000| Untracked 
|  41|0x0000000087500000, 0x0000000087600000, 0x0000000087600000|100%| O|  |TAMS 0x0000000087500000| PB 0x0000000087500000| Untracked 
|  42|0x0000000087600000, 0x0000000087700000, 0x0000000087700000|100%| O|  |TAMS 0x0000000087600000| PB 0x0000000087600000| Untracked 
|  43|0x0000000087700000, 0x0000000087800000, 0x0000000087800000|100%| O|  |TAMS 0x0000000087700000| PB 0x0000000087700000| Untracked 
|  44|0x0000000087800000, 0x0000000087900000, 0x0000000087900000|100%| O|  |TAMS 0x0000000087800000| PB 0x0000000087800000| Untracked 
|  45|0x0000000087900000, 0x0000000087a00000, 0x0000000087a00000|100%| O|  |TAMS 0x0000000087900000| PB 0x0000000087900000| Untracked 
|  46|0x0000000087a00000, 0x0000000087b00000, 0x0000000087b00000|100%| O|  |TAMS 0x0000000087a00000| PB 0x0000000087a00000| Untracked 
|  47|0x0000000087b00000, 0x0000000087c00000, 0x0000000087c00000|100%| O|  |TAMS 0x0000000087b00000| PB 0x0000000087b00000| Untracked 
|  48|0x0000000087c00000, 0x0000000087d00000, 0x0000000087d00000|100%| O|  |TAMS 0x0000000087c00000| PB 0x0000000087c00000| Untracked 
|  49|0x0000000087d00000, 0x0000000087e00000, 0x0000000087e00000|100%| O|  |TAMS 0x0000000087d00000| PB 0x0000000087d00000| Untracked 
|  50|0x0000000087e00000, 0x0000000087f00000, 0x0000000087f00000|100%| O|  |TAMS 0x0000000087e00000| PB 0x0000000087e00000| Untracked 
|  51|0x0000000087f00000, 0x0000000088000000, 0x0000000088000000|100%| O|  |TAMS 0x0000000087f00000| PB 0x0000000087f00000| Untracked 
|  52|0x0000000088000000, 0x0000000088100000, 0x0000000088100000|100%| O|  |TAMS 0x0000000088000000| PB 0x0000000088000000| Untracked 
|  53|0x0000000088100000, 0x0000000088200000, 0x0000000088200000|100%| O|  |TAMS 0x0000000088100000| PB 0x0000000088100000| Untracked 
|  54|0x0000000088200000, 0x0000000088300000, 0x0000000088300000|100%| O|  |TAMS 0x0000000088200000| PB 0x0000000088200000| Untracked 
|  55|0x0000000088300000, 0x0000000088400000, 0x0000000088400000|100%| O|  |TAMS 0x0000000088300000| PB 0x0000000088300000| Untracked 
|  56|0x0000000088400000, 0x0000000088500000, 0x0000000088500000|100%| O|  |TAMS 0x0000000088400000| PB 0x0000000088400000| Untracked 
|  57|0x0000000088500000, 0x0000000088600000, 0x0000000088600000|100%| O|  |TAMS 0x0000000088500000| PB 0x0000000088500000| Untracked 
|  58|0x0000000088600000, 0x0000000088700000, 0x0000000088700000|100%|HS|  |TAMS 0x0000000088600000| PB 0x0000000088600000| Complete 
|  59|0x0000000088700000, 0x0000000088800000, 0x0000000088800000|100%| O|  |TAMS 0x0000000088700000| PB 0x0000000088700000| Untracked 
|  60|0x0000000088800000, 0x0000000088900000, 0x0000000088900000|100%| O|  |TAMS 0x0000000088800000| PB 0x0000000088800000| Untracked 
|  61|0x0000000088900000, 0x0000000088a00000, 0x0000000088a00000|100%| O|  |TAMS 0x0000000088900000| PB 0x0000000088900000| Untracked 
|  62|0x0000000088a00000, 0x0000000088b00000, 0x0000000088b00000|100%| O|  |TAMS 0x0000000088a00000| PB 0x0000000088a00000| Untracked 
|  63|0x0000000088b00000, 0x0000000088c00000, 0x0000000088c00000|100%| O|Cm|TAMS 0x0000000088b00000| PB 0x0000000088b00000| Complete 
|  64|0x0000000088c00000, 0x0000000088d00000, 0x0000000088d00000|100%| O|  |TAMS 0x0000000088c00000| PB 0x0000000088c00000| Untracked 
|  65|0x0000000088d00000, 0x0000000088e00000, 0x0000000088e00000|100%| O|  |TAMS 0x0000000088d00000| PB 0x0000000088d00000| Untracked 
|  66|0x0000000088e00000, 0x0000000088f00000, 0x0000000088f00000|100%| O|  |TAMS 0x0000000088e00000| PB 0x0000000088e00000| Untracked 
|  67|0x0000000088f00000, 0x0000000089000000, 0x0000000089000000|100%| O|  |TAMS 0x0000000088f00000| PB 0x0000000088f00000| Untracked 
|  68|0x0000000089000000, 0x0000000089100000, 0x0000000089100000|100%| O|  |TAMS 0x0000000089000000| PB 0x0000000089000000| Untracked 
|  69|0x0000000089100000, 0x0000000089200000, 0x0000000089200000|100%| O|  |TAMS 0x0000000089100000| PB 0x0000000089100000| Untracked 
|  70|0x0000000089200000, 0x0000000089300000, 0x0000000089300000|100%| O|  |TAMS 0x0000000089200000| PB 0x0000000089200000| Untracked 
|  71|0x0000000089300000, 0x0000000089400000, 0x0000000089400000|100%| O|  |TAMS 0x0000000089300000| PB 0x0000000089300000| Untracked 
|  72|0x0000000089400000, 0x0000000089500000, 0x0000000089500000|100%| O|  |TAMS 0x0000000089400000| PB 0x0000000089400000| Untracked 
|  73|0x0000000089500000, 0x0000000089600000, 0x0000000089600000|100%| O|  |TAMS 0x0000000089500000| PB 0x0000000089500000| Untracked 
|  74|0x0000000089600000, 0x0000000089700000, 0x0000000089700000|100%| O|  |TAMS 0x0000000089600000| PB 0x0000000089600000| Untracked 
|  75|0x0000000089700000, 0x0000000089800000, 0x0000000089800000|100%| O|  |TAMS 0x0000000089700000| PB 0x0000000089700000| Untracked 
|  76|0x0000000089800000, 0x0000000089900000, 0x0000000089900000|100%| O|  |TAMS 0x0000000089800000| PB 0x0000000089800000| Untracked 
|  77|0x0000000089900000, 0x0000000089a00000, 0x0000000089a00000|100%| O|  |TAMS 0x0000000089900000| PB 0x0000000089900000| Untracked 
|  78|0x0000000089a00000, 0x0000000089b00000, 0x0000000089b00000|100%| O|  |TAMS 0x0000000089a00000| PB 0x0000000089a00000| Untracked 
|  79|0x0000000089b00000, 0x0000000089c00000, 0x0000000089c00000|100%| O|  |TAMS 0x0000000089b00000| PB 0x0000000089b00000| Untracked 
|  80|0x0000000089c00000, 0x0000000089d00000, 0x0000000089d00000|100%| O|  |TAMS 0x0000000089c00000| PB 0x0000000089c00000| Untracked 
|  81|0x0000000089d00000, 0x0000000089e00000, 0x0000000089e00000|100%| O|  |TAMS 0x0000000089d00000| PB 0x0000000089d00000| Untracked 
|  82|0x0000000089e00000, 0x0000000089f00000, 0x0000000089f00000|100%| O|  |TAMS 0x0000000089e00000| PB 0x0000000089e00000| Untracked 
|  83|0x0000000089f00000, 0x000000008a000000, 0x000000008a000000|100%| O|  |TAMS 0x0000000089f00000| PB 0x0000000089f00000| Untracked 
|  84|0x000000008a000000, 0x000000008a100000, 0x000000008a100000|100%| O|  |TAMS 0x000000008a000000| PB 0x000000008a000000| Untracked 
|  85|0x000000008a100000, 0x000000008a200000, 0x000000008a200000|100%| O|  |TAMS 0x000000008a100000| PB 0x000000008a100000| Untracked 
|  86|0x000000008a200000, 0x000000008a300000, 0x000000008a300000|100%| O|  |TAMS 0x000000008a200000| PB 0x000000008a200000| Untracked 
|  87|0x000000008a300000, 0x000000008a400000, 0x000000008a400000|100%| O|  |TAMS 0x000000008a300000| PB 0x000000008a300000| Untracked 
|  88|0x000000008a400000, 0x000000008a500000, 0x000000008a500000|100%| O|  |TAMS 0x000000008a400000| PB 0x000000008a400000| Untracked 
|  89|0x000000008a500000, 0x000000008a600000, 0x000000008a600000|100%| O|  |TAMS 0x000000008a500000| PB 0x000000008a500000| Untracked 
|  90|0x000000008a600000, 0x000000008a700000, 0x000000008a700000|100%| O|  |TAMS 0x000000008a600000| PB 0x000000008a600000| Untracked 
|  91|0x000000008a700000, 0x000000008a800000, 0x000000008a800000|100%| O|  |TAMS 0x000000008a700000| PB 0x000000008a700000| Untracked 
|  92|0x000000008a800000, 0x000000008a900000, 0x000000008a900000|100%| O|  |TAMS 0x000000008a800000| PB 0x000000008a800000| Untracked 
|  93|0x000000008a900000, 0x000000008aa00000, 0x000000008aa00000|100%| O|  |TAMS 0x000000008a900000| PB 0x000000008a900000| Untracked 
|  94|0x000000008aa00000, 0x000000008ab00000, 0x000000008ab00000|100%| O|  |TAMS 0x000000008aa00000| PB 0x000000008aa00000| Untracked 
|  95|0x000000008ab00000, 0x000000008ac00000, 0x000000008ac00000|100%| O|  |TAMS 0x000000008ab00000| PB 0x000000008ab00000| Untracked 
|  96|0x000000008ac00000, 0x000000008ad00000, 0x000000008ad00000|100%| O|  |TAMS 0x000000008ac00000| PB 0x000000008ac00000| Untracked 
|  97|0x000000008ad00000, 0x000000008ae00000, 0x000000008ae00000|100%| O|  |TAMS 0x000000008ad00000| PB 0x000000008ad00000| Untracked 
|  98|0x000000008ae00000, 0x000000008af00000, 0x000000008af00000|100%| O|  |TAMS 0x000000008ae00000| PB 0x000000008ae00000| Untracked 
|  99|0x000000008af00000, 0x000000008b000000, 0x000000008b000000|100%| O|  |TAMS 0x000000008af00000| PB 0x000000008af00000| Untracked 
| 100|0x000000008b000000, 0x000000008b100000, 0x000000008b100000|100%| O|  |TAMS 0x000000008b000000| PB 0x000000008b000000| Untracked 
| 101|0x000000008b100000, 0x000000008b200000, 0x000000008b200000|100%| O|  |TAMS 0x000000008b100000| PB 0x000000008b100000| Untracked 
| 102|0x000000008b200000, 0x000000008b300000, 0x000000008b300000|100%| O|  |TAMS 0x000000008b200000| PB 0x000000008b200000| Untracked 
| 103|0x000000008b300000, 0x000000008b400000, 0x000000008b400000|100%| O|  |TAMS 0x000000008b300000| PB 0x000000008b300000| Untracked 
| 104|0x000000008b400000, 0x000000008b500000, 0x000000008b500000|100%| O|  |TAMS 0x000000008b400000| PB 0x000000008b400000| Untracked 
| 105|0x000000008b500000, 0x000000008b600000, 0x000000008b600000|100%| O|  |TAMS 0x000000008b500000| PB 0x000000008b500000| Untracked 
| 106|0x000000008b600000, 0x000000008b700000, 0x000000008b700000|100%| O|  |TAMS 0x000000008b600000| PB 0x000000008b600000| Untracked 
| 107|0x000000008b700000, 0x000000008b800000, 0x000000008b800000|100%| O|  |TAMS 0x000000008b700000| PB 0x000000008b700000| Untracked 
| 108|0x000000008b800000, 0x000000008b900000, 0x000000008b900000|100%| O|  |TAMS 0x000000008b800000| PB 0x000000008b800000| Untracked 
| 109|0x000000008b900000, 0x000000008ba00000, 0x000000008ba00000|100%| O|  |TAMS 0x000000008b900000| PB 0x000000008b900000| Untracked 
| 110|0x000000008ba00000, 0x000000008bb00000, 0x000000008bb00000|100%| O|  |TAMS 0x000000008ba00000| PB 0x000000008ba00000| Untracked 
| 111|0x000000008bb00000, 0x000000008bc00000, 0x000000008bc00000|100%| O|  |TAMS 0x000000008bb00000| PB 0x000000008bb00000| Untracked 
| 112|0x000000008bc00000, 0x000000008bd00000, 0x000000008bd00000|100%| O|  |TAMS 0x000000008bc00000| PB 0x000000008bc00000| Untracked 
| 113|0x000000008bd00000, 0x000000008be00000, 0x000000008be00000|100%| O|  |TAMS 0x000000008bd00000| PB 0x000000008bd00000| Untracked 
| 114|0x000000008be00000, 0x000000008bf00000, 0x000000008bf00000|100%| O|  |TAMS 0x000000008be00000| PB 0x000000008be00000| Untracked 
| 115|0x000000008bf00000, 0x000000008c000000, 0x000000008c000000|100%| O|  |TAMS 0x000000008bf00000| PB 0x000000008bf00000| Untracked 
| 116|0x000000008c000000, 0x000000008c100000, 0x000000008c100000|100%| O|  |TAMS 0x000000008c000000| PB 0x000000008c000000| Untracked 
| 117|0x000000008c100000, 0x000000008c200000, 0x000000008c200000|100%| O|  |TAMS 0x000000008c100000| PB 0x000000008c100000| Untracked 
| 118|0x000000008c200000, 0x000000008c300000, 0x000000008c300000|100%| O|  |TAMS 0x000000008c200000| PB 0x000000008c200000| Untracked 
| 119|0x000000008c300000, 0x000000008c400000, 0x000000008c400000|100%| O|  |TAMS 0x000000008c300000| PB 0x000000008c300000| Untracked 
| 120|0x000000008c400000, 0x000000008c500000, 0x000000008c500000|100%| O|  |TAMS 0x000000008c400000| PB 0x000000008c400000| Untracked 
| 121|0x000000008c500000, 0x000000008c600000, 0x000000008c600000|100%| O|  |TAMS 0x000000008c500000| PB 0x000000008c500000| Untracked 
| 122|0x000000008c600000, 0x000000008c700000, 0x000000008c700000|100%| O|  |TAMS 0x000000008c600000| PB 0x000000008c600000| Untracked 
| 123|0x000000008c700000, 0x000000008c800000, 0x000000008c800000|100%| O|  |TAMS 0x000000008c700000| PB 0x000000008c700000| Untracked 
| 124|0x000000008c800000, 0x000000008c900000, 0x000000008c900000|100%| O|  |TAMS 0x000000008c800000| PB 0x000000008c800000| Untracked 
| 125|0x000000008c900000, 0x000000008ca00000, 0x000000008ca00000|100%| O|  |TAMS 0x000000008c900000| PB 0x000000008c900000| Untracked 
| 126|0x000000008ca00000, 0x000000008cb00000, 0x000000008cb00000|100%| O|  |TAMS 0x000000008ca00000| PB 0x000000008ca00000| Untracked 
| 127|0x000000008cb00000, 0x000000008cc00000, 0x000000008cc00000|100%| O|  |TAMS 0x000000008cb00000| PB 0x000000008cb00000| Untracked 
| 128|0x000000008cc00000, 0x000000008cd00000, 0x000000008cd00000|100%| O|  |TAMS 0x000000008cc00000| PB 0x000000008cc00000| Untracked 
| 129|0x000000008cd00000, 0x000000008ce00000, 0x000000008ce00000|100%| O|  |TAMS 0x000000008cd00000| PB 0x000000008cd00000| Untracked 
| 130|0x000000008ce00000, 0x000000008cf00000, 0x000000008cf00000|100%| O|  |TAMS 0x000000008ce00000| PB 0x000000008ce00000| Untracked 
| 131|0x000000008cf00000, 0x000000008d000000, 0x000000008d000000|100%| O|  |TAMS 0x000000008cf00000| PB 0x000000008cf00000| Untracked 
| 132|0x000000008d000000, 0x000000008d100000, 0x000000008d100000|100%| O|  |TAMS 0x000000008d000000| PB 0x000000008d000000| Untracked 
| 133|0x000000008d100000, 0x000000008d200000, 0x000000008d200000|100%| O|  |TAMS 0x000000008d100000| PB 0x000000008d100000| Untracked 
| 134|0x000000008d200000, 0x000000008d300000, 0x000000008d300000|100%| O|  |TAMS 0x000000008d200000| PB 0x000000008d200000| Untracked 
| 135|0x000000008d300000, 0x000000008d400000, 0x000000008d400000|100%| O|  |TAMS 0x000000008d300000| PB 0x000000008d300000| Untracked 
| 136|0x000000008d400000, 0x000000008d500000, 0x000000008d500000|100%| O|  |TAMS 0x000000008d400000| PB 0x000000008d400000| Untracked 
| 137|0x000000008d500000, 0x000000008d600000, 0x000000008d600000|100%| O|  |TAMS 0x000000008d500000| PB 0x000000008d500000| Untracked 
| 138|0x000000008d600000, 0x000000008d700000, 0x000000008d700000|100%| O|  |TAMS 0x000000008d600000| PB 0x000000008d600000| Untracked 
| 139|0x000000008d700000, 0x000000008d800000, 0x000000008d800000|100%| O|  |TAMS 0x000000008d700000| PB 0x000000008d700000| Untracked 
| 140|0x000000008d800000, 0x000000008d900000, 0x000000008d900000|100%| O|  |TAMS 0x000000008d800000| PB 0x000000008d800000| Untracked 
| 141|0x000000008d900000, 0x000000008da00000, 0x000000008da00000|100%| O|  |TAMS 0x000000008d900000| PB 0x000000008d900000| Untracked 
| 142|0x000000008da00000, 0x000000008db00000, 0x000000008db00000|100%| O|  |TAMS 0x000000008da00000| PB 0x000000008da00000| Untracked 
| 143|0x000000008db00000, 0x000000008dc00000, 0x000000008dc00000|100%| O|  |TAMS 0x000000008db00000| PB 0x000000008db00000| Untracked 
| 144|0x000000008dc00000, 0x000000008dd00000, 0x000000008dd00000|100%| O|  |TAMS 0x000000008dc00000| PB 0x000000008dc00000| Untracked 
| 145|0x000000008dd00000, 0x000000008de00000, 0x000000008de00000|100%| O|  |TAMS 0x000000008dd00000| PB 0x000000008dd00000| Untracked 
| 146|0x000000008de00000, 0x000000008df00000, 0x000000008df00000|100%| O|  |TAMS 0x000000008de00000| PB 0x000000008de00000| Untracked 
| 147|0x000000008df00000, 0x000000008e000000, 0x000000008e000000|100%| O|  |TAMS 0x000000008df00000| PB 0x000000008df00000| Untracked 
| 148|0x000000008e000000, 0x000000008e100000, 0x000000008e100000|100%| O|  |TAMS 0x000000008e000000| PB 0x000000008e000000| Untracked 
| 149|0x000000008e100000, 0x000000008e200000, 0x000000008e200000|100%| O|  |TAMS 0x000000008e100000| PB 0x000000008e100000| Untracked 
| 150|0x000000008e200000, 0x000000008e300000, 0x000000008e300000|100%| O|  |TAMS 0x000000008e200000| PB 0x000000008e200000| Untracked 
| 151|0x000000008e300000, 0x000000008e400000, 0x000000008e400000|100%| O|  |TAMS 0x000000008e300000| PB 0x000000008e300000| Untracked 
| 152|0x000000008e400000, 0x000000008e500000, 0x000000008e500000|100%| O|  |TAMS 0x000000008e400000| PB 0x000000008e400000| Untracked 
| 153|0x000000008e500000, 0x000000008e600000, 0x000000008e600000|100%| O|  |TAMS 0x000000008e500000| PB 0x000000008e500000| Untracked 
| 154|0x000000008e600000, 0x000000008e700000, 0x000000008e700000|100%| O|  |TAMS 0x000000008e600000| PB 0x000000008e600000| Untracked 
| 155|0x000000008e700000, 0x000000008e800000, 0x000000008e800000|100%| O|  |TAMS 0x000000008e700000| PB 0x000000008e700000| Untracked 
| 156|0x000000008e800000, 0x000000008e900000, 0x000000008e900000|100%| O|Cm|TAMS 0x000000008e800000| PB 0x000000008e800000| Complete 
| 157|0x000000008e900000, 0x000000008ea00000, 0x000000008ea00000|100%| O|  |TAMS 0x000000008e900000| PB 0x000000008e900000| Untracked 
| 158|0x000000008ea00000, 0x000000008eb00000, 0x000000008eb00000|100%| O|  |TAMS 0x000000008ea00000| PB 0x000000008ea00000| Untracked 
| 159|0x000000008eb00000, 0x000000008ec00000, 0x000000008ec00000|100%| O|  |TAMS 0x000000008eb00000| PB 0x000000008eb00000| Untracked 
| 160|0x000000008ec00000, 0x000000008ed00000, 0x000000008ed00000|100%| O|  |TAMS 0x000000008ec00000| PB 0x000000008ec00000| Untracked 
| 161|0x000000008ed00000, 0x000000008ee00000, 0x000000008ee00000|100%| O|  |TAMS 0x000000008ed00000| PB 0x000000008ed00000| Untracked 
| 162|0x000000008ee00000, 0x000000008ef00000, 0x000000008ef00000|100%| O|  |TAMS 0x000000008ee00000| PB 0x000000008ee00000| Untracked 
| 163|0x000000008ef00000, 0x000000008f000000, 0x000000008f000000|100%| O|Cm|TAMS 0x000000008ef00000| PB 0x000000008ef00000| Complete 
| 164|0x000000008f000000, 0x000000008f100000, 0x000000008f100000|100%| O|  |TAMS 0x000000008f000000| PB 0x000000008f000000| Untracked 
| 165|0x000000008f100000, 0x000000008f200000, 0x000000008f200000|100%| O|  |TAMS 0x000000008f100000| PB 0x000000008f100000| Untracked 
| 166|0x000000008f200000, 0x000000008f300000, 0x000000008f300000|100%| O|  |TAMS 0x000000008f200000| PB 0x000000008f200000| Untracked 
| 167|0x000000008f300000, 0x000000008f400000, 0x000000008f400000|100%| O|  |TAMS 0x000000008f300000| PB 0x000000008f300000| Untracked 
| 168|0x000000008f400000, 0x000000008f500000, 0x000000008f500000|100%| O|  |TAMS 0x000000008f400000| PB 0x000000008f400000| Untracked 
| 169|0x000000008f500000, 0x000000008f600000, 0x000000008f600000|100%| O|  |TAMS 0x000000008f500000| PB 0x000000008f500000| Untracked 
| 170|0x000000008f600000, 0x000000008f700000, 0x000000008f700000|100%| O|  |TAMS 0x000000008f600000| PB 0x000000008f600000| Untracked 
| 171|0x000000008f700000, 0x000000008f800000, 0x000000008f800000|100%| O|  |TAMS 0x000000008f700000| PB 0x000000008f700000| Untracked 
| 172|0x000000008f800000, 0x000000008f900000, 0x000000008f900000|100%| O|  |TAMS 0x000000008f800000| PB 0x000000008f800000| Untracked 
| 173|0x000000008f900000, 0x000000008fa00000, 0x000000008fa00000|100%| O|  |TAMS 0x000000008f900000| PB 0x000000008f900000| Untracked 
| 174|0x000000008fa00000, 0x000000008fb00000, 0x000000008fb00000|100%| O|  |TAMS 0x000000008fa00000| PB 0x000000008fa00000| Untracked 
| 175|0x000000008fb00000, 0x000000008fb97978, 0x000000008fc00000| 59%| O|  |TAMS 0x000000008fb00000| PB 0x000000008fb00000| Untracked 
| 176|0x000000008fc00000, 0x000000008fc00000, 0x000000008fd00000|  0%| F|  |TAMS 0x000000008fc00000| PB 0x000000008fc00000| Untracked 
| 177|0x000000008fd00000, 0x000000008fd00000, 0x000000008fe00000|  0%| F|  |TAMS 0x000000008fd00000| PB 0x000000008fd00000| Untracked 
| 178|0x000000008fe00000, 0x000000008fe00000, 0x000000008ff00000|  0%| F|  |TAMS 0x000000008fe00000| PB 0x000000008fe00000| Untracked 
| 179|0x000000008ff00000, 0x000000008ff00000, 0x0000000090000000|  0%| F|  |TAMS 0x000000008ff00000| PB 0x000000008ff00000| Untracked 
| 180|0x0000000090000000, 0x0000000090000000, 0x0000000090100000|  0%| F|  |TAMS 0x0000000090000000| PB 0x0000000090000000| Untracked 
| 181|0x0000000090100000, 0x0000000090100000, 0x0000000090200000|  0%| F|  |TAMS 0x0000000090100000| PB 0x0000000090100000| Untracked 
| 182|0x0000000090200000, 0x0000000090200000, 0x0000000090300000|  0%| F|  |TAMS 0x0000000090200000| PB 0x0000000090200000| Untracked 
| 183|0x0000000090300000, 0x0000000090300000, 0x0000000090400000|  0%| F|  |TAMS 0x0000000090300000| PB 0x0000000090300000| Untracked 
| 184|0x0000000090400000, 0x0000000090400000, 0x0000000090500000|  0%| F|  |TAMS 0x0000000090400000| PB 0x0000000090400000| Untracked 
| 185|0x0000000090500000, 0x0000000090500000, 0x0000000090600000|  0%| F|  |TAMS 0x0000000090500000| PB 0x0000000090500000| Untracked 
| 186|0x0000000090600000, 0x0000000090600000, 0x0000000090700000|  0%| F|  |TAMS 0x0000000090600000| PB 0x0000000090600000| Untracked 
| 187|0x0000000090700000, 0x0000000090700000, 0x0000000090800000|  0%| F|  |TAMS 0x0000000090700000| PB 0x0000000090700000| Untracked 
| 188|0x0000000090800000, 0x0000000090800000, 0x0000000090900000|  0%| F|  |TAMS 0x0000000090800000| PB 0x0000000090800000| Untracked 
| 189|0x0000000090900000, 0x0000000090900000, 0x0000000090a00000|  0%| F|  |TAMS 0x0000000090900000| PB 0x0000000090900000| Untracked 
| 190|0x0000000090a00000, 0x0000000090a00000, 0x0000000090b00000|  0%| F|  |TAMS 0x0000000090a00000| PB 0x0000000090a00000| Untracked 
| 191|0x0000000090b00000, 0x0000000090b00000, 0x0000000090c00000|  0%| F|  |TAMS 0x0000000090b00000| PB 0x0000000090b00000| Untracked 
| 192|0x0000000090c00000, 0x0000000090c00000, 0x0000000090d00000|  0%| F|  |TAMS 0x0000000090c00000| PB 0x0000000090c00000| Untracked 
| 193|0x0000000090d00000, 0x0000000090d00000, 0x0000000090e00000|  0%| F|  |TAMS 0x0000000090d00000| PB 0x0000000090d00000| Untracked 
| 194|0x0000000090e00000, 0x0000000090e00000, 0x0000000090f00000|  0%| F|  |TAMS 0x0000000090e00000| PB 0x0000000090e00000| Untracked 
| 195|0x0000000090f00000, 0x0000000090f00000, 0x0000000091000000|  0%| F|  |TAMS 0x0000000090f00000| PB 0x0000000090f00000| Untracked 
| 196|0x0000000091000000, 0x0000000091000000, 0x0000000091100000|  0%| F|  |TAMS 0x0000000091000000| PB 0x0000000091000000| Untracked 
| 197|0x0000000091100000, 0x0000000091100000, 0x0000000091200000|  0%| F|  |TAMS 0x0000000091100000| PB 0x0000000091100000| Untracked 
| 198|0x0000000091200000, 0x0000000091200000, 0x0000000091300000|  0%| F|  |TAMS 0x0000000091200000| PB 0x0000000091200000| Untracked 
| 199|0x0000000091300000, 0x0000000091300000, 0x0000000091400000|  0%| F|  |TAMS 0x0000000091300000| PB 0x0000000091300000| Untracked 
| 200|0x0000000091400000, 0x0000000091400000, 0x0000000091500000|  0%| F|  |TAMS 0x0000000091400000| PB 0x0000000091400000| Untracked 
| 201|0x0000000091500000, 0x0000000091500000, 0x0000000091600000|  0%| F|  |TAMS 0x0000000091500000| PB 0x0000000091500000| Untracked 
| 202|0x0000000091600000, 0x0000000091600000, 0x0000000091700000|  0%| F|  |TAMS 0x0000000091600000| PB 0x0000000091600000| Untracked 
| 203|0x0000000091700000, 0x0000000091700000, 0x0000000091800000|  0%| F|  |TAMS 0x0000000091700000| PB 0x0000000091700000| Untracked 
| 204|0x0000000091800000, 0x0000000091800000, 0x0000000091900000|  0%| F|  |TAMS 0x0000000091800000| PB 0x0000000091800000| Untracked 
| 205|0x0000000091900000, 0x0000000091900000, 0x0000000091a00000|  0%| F|  |TAMS 0x0000000091900000| PB 0x0000000091900000| Untracked 
| 206|0x0000000091a00000, 0x0000000091a00000, 0x0000000091b00000|  0%| F|  |TAMS 0x0000000091a00000| PB 0x0000000091a00000| Untracked 
| 207|0x0000000091b00000, 0x0000000091b00000, 0x0000000091c00000|  0%| F|  |TAMS 0x0000000091b00000| PB 0x0000000091b00000| Untracked 
| 208|0x0000000091c00000, 0x0000000091c00000, 0x0000000091d00000|  0%| F|  |TAMS 0x0000000091c00000| PB 0x0000000091c00000| Untracked 
| 209|0x0000000091d00000, 0x0000000091d00000, 0x0000000091e00000|  0%| F|  |TAMS 0x0000000091d00000| PB 0x0000000091d00000| Untracked 
| 210|0x0000000091e00000, 0x0000000091e00000, 0x0000000091f00000|  0%| F|  |TAMS 0x0000000091e00000| PB 0x0000000091e00000| Untracked 
| 211|0x0000000091f00000, 0x0000000091f00000, 0x0000000092000000|  0%| F|  |TAMS 0x0000000091f00000| PB 0x0000000091f00000| Untracked 
| 212|0x0000000092000000, 0x0000000092000000, 0x0000000092100000|  0%| F|  |TAMS 0x0000000092000000| PB 0x0000000092000000| Untracked 
| 213|0x0000000092100000, 0x0000000092100000, 0x0000000092200000|  0%| F|  |TAMS 0x0000000092100000| PB 0x0000000092100000| Untracked 
| 214|0x0000000092200000, 0x0000000092200000, 0x0000000092300000|  0%| F|  |TAMS 0x0000000092200000| PB 0x0000000092200000| Untracked 
| 215|0x0000000092300000, 0x0000000092300000, 0x0000000092400000|  0%| F|  |TAMS 0x0000000092300000| PB 0x0000000092300000| Untracked 
| 216|0x0000000092400000, 0x0000000092400000, 0x0000000092500000|  0%| F|  |TAMS 0x0000000092400000| PB 0x0000000092400000| Untracked 
| 217|0x0000000092500000, 0x0000000092500000, 0x0000000092600000|  0%| F|  |TAMS 0x0000000092500000| PB 0x0000000092500000| Untracked 
| 218|0x0000000092600000, 0x0000000092600000, 0x0000000092700000|  0%| F|  |TAMS 0x0000000092600000| PB 0x0000000092600000| Untracked 
| 219|0x0000000092700000, 0x0000000092700000, 0x0000000092800000|  0%| F|  |TAMS 0x0000000092700000| PB 0x0000000092700000| Untracked 
| 220|0x0000000092800000, 0x0000000092800000, 0x0000000092900000|  0%| F|  |TAMS 0x0000000092800000| PB 0x0000000092800000| Untracked 
| 221|0x0000000092900000, 0x0000000092900000, 0x0000000092a00000|  0%| F|  |TAMS 0x0000000092900000| PB 0x0000000092900000| Untracked 
| 222|0x0000000092a00000, 0x0000000092a00000, 0x0000000092b00000|  0%| F|  |TAMS 0x0000000092a00000| PB 0x0000000092a00000| Untracked 
| 223|0x0000000092b00000, 0x0000000092b00000, 0x0000000092c00000|  0%| F|  |TAMS 0x0000000092b00000| PB 0x0000000092b00000| Untracked 
| 224|0x0000000092c00000, 0x0000000092c00000, 0x0000000092d00000|  0%| F|  |TAMS 0x0000000092c00000| PB 0x0000000092c00000| Untracked 
| 225|0x0000000092d00000, 0x0000000092d00000, 0x0000000092e00000|  0%| F|  |TAMS 0x0000000092d00000| PB 0x0000000092d00000| Untracked 
| 226|0x0000000092e00000, 0x0000000092e00000, 0x0000000092f00000|  0%| F|  |TAMS 0x0000000092e00000| PB 0x0000000092e00000| Untracked 
| 227|0x0000000092f00000, 0x0000000092fe8d78, 0x0000000093000000| 90%| S|CS|TAMS 0x0000000092f00000| PB 0x0000000092f00000| Complete 
| 228|0x0000000093000000, 0x0000000093100000, 0x0000000093100000|100%| S|CS|TAMS 0x0000000093000000| PB 0x0000000093000000| Complete 
| 229|0x0000000093100000, 0x0000000093200000, 0x0000000093200000|100%| S|CS|TAMS 0x0000000093100000| PB 0x0000000093100000| Complete 
| 230|0x0000000093200000, 0x0000000093300000, 0x0000000093300000|100%| S|CS|TAMS 0x0000000093200000| PB 0x0000000093200000| Complete 
| 231|0x0000000093300000, 0x0000000093400000, 0x0000000093400000|100%| S|CS|TAMS 0x0000000093300000| PB 0x0000000093300000| Complete 
| 232|0x0000000093400000, 0x0000000093500000, 0x0000000093500000|100%| S|CS|TAMS 0x0000000093400000| PB 0x0000000093400000| Complete 
| 233|0x0000000093500000, 0x0000000093600000, 0x0000000093600000|100%| S|CS|TAMS 0x0000000093500000| PB 0x0000000093500000| Complete 
| 234|0x0000000093600000, 0x0000000093700000, 0x0000000093700000|100%| S|CS|TAMS 0x0000000093600000| PB 0x0000000093600000| Complete 
| 235|0x0000000093700000, 0x0000000093700000, 0x0000000093800000|  0%| F|  |TAMS 0x0000000093700000| PB 0x0000000093700000| Untracked 
| 236|0x0000000093800000, 0x0000000093800000, 0x0000000093900000|  0%| F|  |TAMS 0x0000000093800000| PB 0x0000000093800000| Untracked 
| 237|0x0000000093900000, 0x0000000093900000, 0x0000000093a00000|  0%| F|  |TAMS 0x0000000093900000| PB 0x0000000093900000| Untracked 
| 238|0x0000000093a00000, 0x0000000093a00000, 0x0000000093b00000|  0%| F|  |TAMS 0x0000000093a00000| PB 0x0000000093a00000| Untracked 
| 239|0x0000000093b00000, 0x0000000093b00000, 0x0000000093c00000|  0%| F|  |TAMS 0x0000000093b00000| PB 0x0000000093b00000| Untracked 
| 240|0x0000000093c00000, 0x0000000093c00000, 0x0000000093d00000|  0%| F|  |TAMS 0x0000000093c00000| PB 0x0000000093c00000| Untracked 
| 241|0x0000000093d00000, 0x0000000093d00000, 0x0000000093e00000|  0%| F|  |TAMS 0x0000000093d00000| PB 0x0000000093d00000| Untracked 
| 242|0x0000000093e00000, 0x0000000093e00000, 0x0000000093f00000|  0%| F|  |TAMS 0x0000000093e00000| PB 0x0000000093e00000| Untracked 
| 243|0x0000000093f00000, 0x0000000093f00000, 0x0000000094000000|  0%| F|  |TAMS 0x0000000093f00000| PB 0x0000000093f00000| Untracked 
| 244|0x0000000094000000, 0x0000000094000000, 0x0000000094100000|  0%| F|  |TAMS 0x0000000094000000| PB 0x0000000094000000| Untracked 
| 245|0x0000000094100000, 0x0000000094100000, 0x0000000094200000|  0%| F|  |TAMS 0x0000000094100000| PB 0x0000000094100000| Untracked 
| 246|0x0000000094200000, 0x0000000094200000, 0x0000000094300000|  0%| F|  |TAMS 0x0000000094200000| PB 0x0000000094200000| Untracked 
| 247|0x0000000094300000, 0x0000000094300000, 0x0000000094400000|  0%| F|  |TAMS 0x0000000094300000| PB 0x0000000094300000| Untracked 
| 248|0x0000000094400000, 0x0000000094400000, 0x0000000094500000|  0%| F|  |TAMS 0x0000000094400000| PB 0x0000000094400000| Untracked 
| 249|0x0000000094500000, 0x0000000094500000, 0x0000000094600000|  0%| F|  |TAMS 0x0000000094500000| PB 0x0000000094500000| Untracked 
| 250|0x0000000094600000, 0x0000000094600000, 0x0000000094700000|  0%| F|  |TAMS 0x0000000094600000| PB 0x0000000094600000| Untracked 
| 251|0x0000000094700000, 0x0000000094700000, 0x0000000094800000|  0%| F|  |TAMS 0x0000000094700000| PB 0x0000000094700000| Untracked 
| 252|0x0000000094800000, 0x0000000094800000, 0x0000000094900000|  0%| F|  |TAMS 0x0000000094800000| PB 0x0000000094800000| Untracked 
| 253|0x0000000094900000, 0x0000000094900000, 0x0000000094a00000|  0%| F|  |TAMS 0x0000000094900000| PB 0x0000000094900000| Untracked 
| 254|0x0000000094a00000, 0x0000000094a00000, 0x0000000094b00000|  0%| F|  |TAMS 0x0000000094a00000| PB 0x0000000094a00000| Untracked 
| 255|0x0000000094b00000, 0x0000000094b00000, 0x0000000094c00000|  0%| F|  |TAMS 0x0000000094b00000| PB 0x0000000094b00000| Untracked 
| 256|0x0000000094c00000, 0x0000000094c00000, 0x0000000094d00000|  0%| F|  |TAMS 0x0000000094c00000| PB 0x0000000094c00000| Untracked 
| 257|0x0000000094d00000, 0x0000000094d00000, 0x0000000094e00000|  0%| F|  |TAMS 0x0000000094d00000| PB 0x0000000094d00000| Untracked 
| 258|0x0000000094e00000, 0x0000000094e00000, 0x0000000094f00000|  0%| F|  |TAMS 0x0000000094e00000| PB 0x0000000094e00000| Untracked 
| 259|0x0000000094f00000, 0x0000000094f00000, 0x0000000095000000|  0%| F|  |TAMS 0x0000000094f00000| PB 0x0000000094f00000| Untracked 
| 260|0x0000000095000000, 0x0000000095000000, 0x0000000095100000|  0%| F|  |TAMS 0x0000000095000000| PB 0x0000000095000000| Untracked 
| 261|0x0000000095100000, 0x0000000095100000, 0x0000000095200000|  0%| F|  |TAMS 0x0000000095100000| PB 0x0000000095100000| Untracked 
| 262|0x0000000095200000, 0x0000000095300000, 0x0000000095300000|100%| E|  |TAMS 0x0000000095200000| PB 0x0000000095200000| Complete 
| 263|0x0000000095300000, 0x0000000095400000, 0x0000000095400000|100%| E|CS|TAMS 0x0000000095300000| PB 0x0000000095300000| Complete 
| 264|0x0000000095400000, 0x0000000095500000, 0x0000000095500000|100%| E|CS|TAMS 0x0000000095400000| PB 0x0000000095400000| Complete 
| 265|0x0000000095500000, 0x0000000095600000, 0x0000000095600000|100%| E|CS|TAMS 0x0000000095500000| PB 0x0000000095500000| Complete 
| 266|0x0000000095600000, 0x0000000095700000, 0x0000000095700000|100%| E|CS|TAMS 0x0000000095600000| PB 0x0000000095600000| Complete 
| 267|0x0000000095700000, 0x0000000095800000, 0x0000000095800000|100%| E|CS|TAMS 0x0000000095700000| PB 0x0000000095700000| Complete 
| 268|0x0000000095800000, 0x0000000095900000, 0x0000000095900000|100%| E|CS|TAMS 0x0000000095800000| PB 0x0000000095800000| Complete 
| 269|0x0000000095900000, 0x0000000095a00000, 0x0000000095a00000|100%| E|CS|TAMS 0x0000000095900000| PB 0x0000000095900000| Complete 
| 270|0x0000000095a00000, 0x0000000095b00000, 0x0000000095b00000|100%| E|CS|TAMS 0x0000000095a00000| PB 0x0000000095a00000| Complete 
| 271|0x0000000095b00000, 0x0000000095c00000, 0x0000000095c00000|100%| E|CS|TAMS 0x0000000095b00000| PB 0x0000000095b00000| Complete 
| 272|0x0000000095c00000, 0x0000000095d00000, 0x0000000095d00000|100%| E|CS|TAMS 0x0000000095c00000| PB 0x0000000095c00000| Complete 
| 273|0x0000000095d00000, 0x0000000095e00000, 0x0000000095e00000|100%| E|CS|TAMS 0x0000000095d00000| PB 0x0000000095d00000| Complete 
| 274|0x0000000095e00000, 0x0000000095f00000, 0x0000000095f00000|100%| E|CS|TAMS 0x0000000095e00000| PB 0x0000000095e00000| Complete 
| 275|0x0000000095f00000, 0x0000000096000000, 0x0000000096000000|100%| E|CS|TAMS 0x0000000095f00000| PB 0x0000000095f00000| Complete 
| 276|0x0000000096000000, 0x0000000096100000, 0x0000000096100000|100%| E|CS|TAMS 0x0000000096000000| PB 0x0000000096000000| Complete 
| 277|0x0000000096100000, 0x0000000096200000, 0x0000000096200000|100%| E|CS|TAMS 0x0000000096100000| PB 0x0000000096100000| Complete 
| 278|0x0000000096200000, 0x0000000096300000, 0x0000000096300000|100%| E|CS|TAMS 0x0000000096200000| PB 0x0000000096200000| Complete 
| 279|0x0000000096300000, 0x0000000096400000, 0x0000000096400000|100%| E|CS|TAMS 0x0000000096300000| PB 0x0000000096300000| Complete 
| 280|0x0000000096400000, 0x0000000096500000, 0x0000000096500000|100%| E|CS|TAMS 0x0000000096400000| PB 0x0000000096400000| Complete 
| 281|0x0000000096500000, 0x0000000096600000, 0x0000000096600000|100%| E|CS|TAMS 0x0000000096500000| PB 0x0000000096500000| Complete 
| 282|0x0000000096600000, 0x0000000096700000, 0x0000000096700000|100%| E|CS|TAMS 0x0000000096600000| PB 0x0000000096600000| Complete 
| 283|0x0000000096700000, 0x0000000096800000, 0x0000000096800000|100%| E|CS|TAMS 0x0000000096700000| PB 0x0000000096700000| Complete 
| 284|0x0000000096800000, 0x0000000096900000, 0x0000000096900000|100%| E|CS|TAMS 0x0000000096800000| PB 0x0000000096800000| Complete 
| 285|0x0000000096900000, 0x0000000096a00000, 0x0000000096a00000|100%| E|CS|TAMS 0x0000000096900000| PB 0x0000000096900000| Complete 
| 286|0x0000000096a00000, 0x0000000096b00000, 0x0000000096b00000|100%| E|CS|TAMS 0x0000000096a00000| PB 0x0000000096a00000| Complete 
| 287|0x0000000096b00000, 0x0000000096c00000, 0x0000000096c00000|100%| E|CS|TAMS 0x0000000096b00000| PB 0x0000000096b00000| Complete 
| 288|0x0000000096c00000, 0x0000000096d00000, 0x0000000096d00000|100%| E|CS|TAMS 0x0000000096c00000| PB 0x0000000096c00000| Complete 
| 289|0x0000000096d00000, 0x0000000096e00000, 0x0000000096e00000|100%| E|CS|TAMS 0x0000000096d00000| PB 0x0000000096d00000| Complete 
| 290|0x0000000096e00000, 0x0000000096f00000, 0x0000000096f00000|100%| E|CS|TAMS 0x0000000096e00000| PB 0x0000000096e00000| Complete 
| 291|0x0000000096f00000, 0x0000000097000000, 0x0000000097000000|100%| E|CS|TAMS 0x0000000096f00000| PB 0x0000000096f00000| Complete 
| 292|0x0000000097000000, 0x0000000097100000, 0x0000000097100000|100%| E|CS|TAMS 0x0000000097000000| PB 0x0000000097000000| Complete 
| 293|0x0000000097100000, 0x0000000097200000, 0x0000000097200000|100%| E|CS|TAMS 0x0000000097100000| PB 0x0000000097100000| Complete 
| 294|0x0000000097200000, 0x0000000097300000, 0x0000000097300000|100%| E|CS|TAMS 0x0000000097200000| PB 0x0000000097200000| Complete 
| 295|0x0000000097300000, 0x0000000097400000, 0x0000000097400000|100%| E|CS|TAMS 0x0000000097300000| PB 0x0000000097300000| Complete 
| 296|0x0000000097400000, 0x0000000097500000, 0x0000000097500000|100%| E|CS|TAMS 0x0000000097400000| PB 0x0000000097400000| Complete 
|1967|0x00000000ffb00000, 0x00000000ffc00000, 0x00000000ffc00000|100%| O|  |TAMS 0x00000000ffb00000| PB 0x00000000ffb00000| Untracked 
|1968|0x00000000ffc00000, 0x00000000ffd00000, 0x00000000ffd00000|100%| O|  |TAMS 0x00000000ffc00000| PB 0x00000000ffc00000| Untracked 
|1969|0x00000000ffd00000, 0x00000000ffe00000, 0x00000000ffe00000|100%| O|  |TAMS 0x00000000ffd00000| PB 0x00000000ffd00000| Untracked 
|1970|0x00000000ffe00000, 0x00000000fff00000, 0x00000000fff00000|100%| O|  |TAMS 0x00000000ffe00000| PB 0x00000000ffe00000| Untracked 
|1971|0x00000000fff00000, 0x0000000100000000, 0x0000000100000000|100%| O|  |TAMS 0x00000000fff00000| PB 0x00000000fff00000| Untracked 

Card table byte_map: [0x000001b82e4d0000,0x000001b82e8b0000] _byte_map_base: 0x000001b82e0aa000

Marking Bits: (CMBitMap*) 0x000001b8164cec30
 Bits: [0x000001b82e8b0000, 0x000001b830780000)

Polling page: 0x000001b8146c0000

Metaspace:

Usage:
  Non-class:     58.03 MB used.
      Class:      7.14 MB used.
       Both:     65.16 MB used.

Virtual space:
  Non-class space:       64.00 MB reserved,      58.19 MB ( 91%) committed,  1 nodes.
      Class space:        1.00 GB reserved,       7.31 MB ( <1%) committed,  1 nodes.
             Both:        1.06 GB reserved,      65.50 MB (  6%) committed. 

Chunk freelists:
   Non-Class:  5.12 MB
       Class:  8.51 MB
        Both:  13.64 MB

MaxMetaspaceSize: unlimited
CompressedClassSpaceSize: 1.00 GB
Initial GC threshold: 21.00 MB
Current GC threshold: 105.25 MB
CDS: on
 - commit_granule_bytes: 65536.
 - commit_granule_words: 8192.
 - virtual_space_node_default_size: 8388608.
 - enlarge_chunks_in_place: 1.
 - use_allocation_guard: 0.


Internal statistics:

num_allocs_failed_limit: 3.
num_arena_births: 396.
num_arena_deaths: 0.
num_vsnodes_births: 2.
num_vsnodes_deaths: 0.
num_space_committed: 1047.
num_space_uncommitted: 0.
num_chunks_returned_to_freelist: 3.
num_chunks_taken_from_freelist: 2713.
num_chunk_merges: 3.
num_chunk_splits: 2210.
num_chunks_enlarged: 1981.
num_inconsistent_stats: 0.

CodeHeap 'non-profiled nmethods': size=120000Kb used=9881Kb max_used=9881Kb free=110118Kb
 bounds [0x000001b826670000, 0x000001b827020000, 0x000001b82dba0000]
CodeHeap 'profiled nmethods': size=120000Kb used=47144Kb max_used=47144Kb free=72855Kb
 bounds [0x000001b81eba0000, 0x000001b8219b0000, 0x000001b8260d0000]
CodeHeap 'non-nmethods': size=5760Kb used=1607Kb max_used=1667Kb free=4152Kb
 bounds [0x000001b8260d0000, 0x000001b826340000, 0x000001b826670000]
CodeCache: size=245760Kb, used=58632Kb, max_used=58692Kb, free=187125Kb
 total_blobs=12988, nmethods=12256, adapters=634, full_count=0
Compilation: enabled, stopped_count=0, restarted_count=0

Compilation events (20 events):
Event: 129.187 Thread 0x000001b8333e96d0 nmethod 13978 0x000001b82197a010 code [0x000001b82197a220, 0x000001b82197a690]
Event: 129.188 Thread 0x000001b8333e96d0 13979       3       org.jetbrains.kotlin.load.java.structure.impl.classFiles.BinaryJavaAnnotation::classifierResolutionResult_delegate$lambda$0 (21 bytes)
Event: 129.188 Thread 0x000001b8333e96d0 nmethod 13979 0x000001b82197a910 code [0x000001b82197ab20, 0x000001b82197af08]
Event: 129.189 Thread 0x000001b8333e96d0 13980       3       org.jetbrains.kotlin.fir.java.JavaAnnotationsMappingKt$buildFirAnnotation$argumentMapping$1$$Lambda/0x000001b83556dce0::<init> (32 bytes)
Event: 129.189 Thread 0x000001b8333e96d0 nmethod 13980 0x000001b82197b190 code [0x000001b82197b340, 0x000001b82197b670]
Event: 129.190 Thread 0x000001b8333e96d0 13981       3       kotlin.text.Regex::matches (18 bytes)
Event: 129.191 Thread 0x000001b8333e96d0 nmethod 13981 0x000001b82197b710 code [0x000001b82197b960, 0x000001b82197c008]
Event: 129.191 Thread 0x000001b8333e96d0 13982       3       kotlin.collections.SetsKt___SetsKt::plus (45 bytes)
Event: 129.193 Thread 0x000001b8333e96d0 nmethod 13982 0x000001b82197c310 code [0x000001b82197c5c0, 0x000001b82197d170]
Event: 129.194 Thread 0x000001b8333e96d0 13983       3       org.jetbrains.kotlin.fir.java.enhancement.FirSignatureEnhancement$TypeInSignature::<init> (5 bytes)
Event: 129.194 Thread 0x000001b8333e96d0 nmethod 13983 0x000001b82197d510 code [0x000001b82197d6c0, 0x000001b82197d828]
Event: 129.194 Thread 0x000001b8333e96d0 13984       3       org.jetbrains.kotlin.fir.java.enhancement.FirSignatureEnhancement$TypeInSignature$ValueParameter::<init> (10 bytes)
Event: 129.195 Thread 0x000001b8333e96d0 nmethod 13984 0x000001b82197d910 code [0x000001b82197dac0, 0x000001b82197dc88]
Event: 129.195 Thread 0x000001b8333e96d0 13985       3       org.jetbrains.kotlin.fir.java.enhancement.FirSignatureEnhancement::enhanceValueParameter (91 bytes)
Event: 129.196 Thread 0x000001b8333e96d0 nmethod 13985 0x000001b82197dd90 code [0x000001b82197df80, 0x000001b82197e428]
Event: 129.199 Thread 0x000001b8333e96d0 13986       3       org.jetbrains.kotlin.fir.declarations.ValueClassesUtilsKt::getValueClassUnderlyingParameters (72 bytes)
Event: 129.201 Thread 0x000001b8333e96d0 nmethod 13986 0x000001b82197e610 code [0x000001b82197e880, 0x000001b82197f380]
Event: 129.208 Thread 0x000001b8333e96d0 13987       3       org.jetbrains.kotlin.fir.deserialization.FirDeserializationContext$Companion::createForClass (136 bytes)
Event: 129.214 Thread 0x000001b8333e96d0 nmethod 13987 0x000001b82197f710 code [0x000001b82197fd40, 0x000001b821982938]
Event: 129.215 Thread 0x000001b8333e96d0 13988       3       org.jetbrains.kotlin.types.AbstractTypeChecker::isTypeVariableAgainstStarProjectionForSelfType (131 bytes)

GC Heap History (20 events):
Event: 50.239 GC heap before
{Heap before GC invocations=28 (full 0):
 garbage-first heap   total 207872K, used 163328K [0x0000000084c00000, 0x0000000100000000)
  region size 1024K, 65 young (66560K), 4 survivors (4096K)
 Metaspace       used 49115K, committed 49408K, reserved 1114112K
  class space    used 5772K, committed 5888K, reserved 1048576K
}
Event: 50.271 GC heap after
{Heap after GC invocations=29 (full 0):
 garbage-first heap   total 207872K, used 119644K [0x0000000084c00000, 0x0000000100000000)
  region size 1024K, 9 young (9216K), 9 survivors (9216K)
 Metaspace       used 49115K, committed 49408K, reserved 1114112K
  class space    used 5772K, committed 5888K, reserved 1048576K
}
Event: 53.319 GC heap before
{Heap before GC invocations=29 (full 0):
 garbage-first heap   total 207872K, used 166748K [0x0000000084c00000, 0x0000000100000000)
  region size 1024K, 55 young (56320K), 9 survivors (9216K)
 Metaspace       used 51531K, committed 51840K, reserved 1114112K
  class space    used 6011K, committed 6144K, reserved 1048576K
}
Event: 53.365 GC heap after
{Heap after GC invocations=30 (full 0):
 garbage-first heap   total 207872K, used 132096K [0x0000000084c00000, 0x0000000100000000)
  region size 1024K, 7 young (7168K), 7 survivors (7168K)
 Metaspace       used 51531K, committed 51840K, reserved 1114112K
  class space    used 6011K, committed 6144K, reserved 1048576K
}
Event: 58.713 GC heap before
{Heap before GC invocations=30 (full 0):
 garbage-first heap   total 207872K, used 174080K [0x0000000084c00000, 0x0000000100000000)
  region size 1024K, 48 young (49152K), 7 survivors (7168K)
 Metaspace       used 55616K, committed 55936K, reserved 1114112K
  class space    used 6412K, committed 6528K, reserved 1048576K
}
Event: 58.757 GC heap after
{Heap after GC invocations=31 (full 0):
 garbage-first heap   total 207872K, used 140288K [0x0000000084c00000, 0x0000000100000000)
  region size 1024K, 6 young (6144K), 6 survivors (6144K)
 Metaspace       used 55616K, committed 55936K, reserved 1114112K
  class space    used 6412K, committed 6528K, reserved 1048576K
}
Event: 64.931 GC heap before
{Heap before GC invocations=32 (full 0):
 garbage-first heap   total 234496K, used 180224K [0x0000000084c00000, 0x0000000100000000)
  region size 1024K, 45 young (46080K), 6 survivors (6144K)
 Metaspace       used 60015K, committed 60416K, reserved 1114112K
  class space    used 6938K, committed 7168K, reserved 1048576K
}
Event: 64.963 GC heap after
{Heap after GC invocations=33 (full 0):
 garbage-first heap   total 234496K, used 148208K [0x0000000084c00000, 0x0000000100000000)
  region size 1024K, 6 young (6144K), 6 survivors (6144K)
 Metaspace       used 60015K, committed 60416K, reserved 1114112K
  class space    used 6938K, committed 7168K, reserved 1048576K
}
Event: 73.728 GC heap before
{Heap before GC invocations=33 (full 0):
 garbage-first heap   total 234496K, used 201456K [0x0000000084c00000, 0x0000000100000000)
  region size 1024K, 58 young (59392K), 6 survivors (6144K)
 Metaspace       used 61315K, committed 61760K, reserved 1114112K
  class space    used 7027K, committed 7232K, reserved 1048576K
}
Event: 73.760 GC heap after
{Heap after GC invocations=34 (full 0):
 garbage-first heap   total 234496K, used 155954K [0x0000000084c00000, 0x0000000100000000)
  region size 1024K, 8 young (8192K), 8 survivors (8192K)
 Metaspace       used 61315K, committed 61760K, reserved 1114112K
  class space    used 7027K, committed 7232K, reserved 1048576K
}
Event: 76.861 GC heap before
{Heap before GC invocations=34 (full 0):
 garbage-first heap   total 234496K, used 205106K [0x0000000084c00000, 0x0000000100000000)
  region size 1024K, 56 young (57344K), 8 survivors (8192K)
 Metaspace       used 61712K, committed 62144K, reserved 1114112K
  class space    used 7038K, committed 7232K, reserved 1048576K
}
Event: 76.898 GC heap after
{Heap after GC invocations=35 (full 0):
 garbage-first heap   total 234496K, used 164864K [0x0000000084c00000, 0x0000000100000000)
  region size 1024K, 7 young (7168K), 7 survivors (7168K)
 Metaspace       used 61712K, committed 62144K, reserved 1114112K
  class space    used 7038K, committed 7232K, reserved 1048576K
}
Event: 80.213 GC heap before
{Heap before GC invocations=36 (full 0):
 garbage-first heap   total 275456K, used 209920K [0x0000000084c00000, 0x0000000100000000)
  region size 1024K, 51 young (52224K), 7 survivors (7168K)
 Metaspace       used 61920K, committed 62336K, reserved 1114112K
  class space    used 7049K, committed 7232K, reserved 1048576K
}
Event: 80.234 GC heap after
{Heap after GC invocations=37 (full 0):
 garbage-first heap   total 275456K, used 172123K [0x0000000084c00000, 0x0000000100000000)
  region size 1024K, 7 young (7168K), 7 survivors (7168K)
 Metaspace       used 61920K, committed 62336K, reserved 1114112K
  class space    used 7049K, committed 7232K, reserved 1048576K
}
Event: 89.419 GC heap before
{Heap before GC invocations=37 (full 0):
 garbage-first heap   total 275456K, used 239707K [0x0000000084c00000, 0x0000000100000000)
  region size 1024K, 73 young (74752K), 7 survivors (7168K)
 Metaspace       used 62370K, committed 62784K, reserved 1114112K
  class space    used 7063K, committed 7232K, reserved 1048576K
}
Event: 89.441 GC heap after
{Heap after GC invocations=38 (full 0):
 garbage-first heap   total 275456K, used 177900K [0x0000000084c00000, 0x0000000100000000)
  region size 1024K, 8 young (8192K), 8 survivors (8192K)
 Metaspace       used 62370K, committed 62784K, reserved 1114112K
  class space    used 7063K, committed 7232K, reserved 1048576K
}
Event: 99.323 GC heap before
{Heap before GC invocations=38 (full 0):
 garbage-first heap   total 275456K, used 245484K [0x0000000084c00000, 0x0000000100000000)
  region size 1024K, 74 young (75776K), 8 survivors (8192K)
 Metaspace       used 64173K, committed 64576K, reserved 1114112K
  class space    used 7217K, committed 7424K, reserved 1048576K
}
Event: 99.357 GC heap after
{Heap after GC invocations=39 (full 0):
 garbage-first heap   total 275456K, used 184536K [0x0000000084c00000, 0x0000000100000000)
  region size 1024K, 7 young (7168K), 7 survivors (7168K)
 Metaspace       used 64173K, committed 64576K, reserved 1114112K
  class space    used 7217K, committed 7424K, reserved 1048576K
}
Event: 119.308 GC heap before
{Heap before GC invocations=40 (full 0):
 garbage-first heap   total 309248K, used 248024K [0x0000000084c00000, 0x0000000100000000)
  region size 1024K, 69 young (70656K), 7 survivors (7168K)
 Metaspace       used 66307K, committed 66688K, reserved 1114112K
  class space    used 7292K, committed 7488K, reserved 1048576K
}
Event: 119.334 GC heap after
{Heap after GC invocations=41 (full 0):
 garbage-first heap   total 309248K, used 193025K [0x0000000084c00000, 0x0000000100000000)
  region size 1024K, 8 young (8192K), 8 survivors (8192K)
 Metaspace       used 66307K, committed 66688K, reserved 1114112K
  class space    used 7292K, committed 7488K, reserved 1048576K
}

Dll operation events (9 events):
Event: 0.091 Loaded shared library C:\Users\hulbe\.jdks\ms-21.0.10\bin\java.dll
Event: 0.488 Loaded shared library C:\Users\hulbe\.jdks\ms-21.0.10\bin\jsvml.dll
Event: 0.679 Loaded shared library C:\Users\hulbe\.jdks\ms-21.0.10\bin\net.dll
Event: 0.699 Loaded shared library C:\Users\hulbe\.jdks\ms-21.0.10\bin\nio.dll
Event: 1.388 Loaded shared library C:\Users\hulbe\.jdks\ms-21.0.10\bin\zip.dll
Event: 1.755 Loaded shared library C:\Users\hulbe\.jdks\ms-21.0.10\bin\jimage.dll
Event: 7.343 Loaded shared library C:\Users\hulbe\.jdks\ms-21.0.10\bin\management.dll
Event: 7.401 Loaded shared library C:\Users\hulbe\.jdks\ms-21.0.10\bin\management_ext.dll
Event: 16.753 Loaded shared library C:\Users\hulbe\.jdks\ms-21.0.10\bin\verify.dll

Deoptimization events (20 events):
Event: 129.038 Thread 0x000001b814180990 Uncommon trap: trap_request=0xffffffc6 fr.pc=0x000001b826f1ce08 relative=0x00000000000007a8
Event: 129.038 Thread 0x000001b814180990 Uncommon trap: reason=bimorphic_or_optimized_type_check action=maybe_recompile pc=0x000001b826f1ce08 method=org.jetbrains.kotlin.fir.scopes.impl.FirScopeWithCallableCopyReturnTypeUpdater.processFunctionsByName$lambda$0(Lorg/jetbrains/kotlin/fir/scopes/imp
Event: 129.039 Thread 0x000001b814180990 DEOPT PACKING pc=0x000001b826f1ce08 sp=0x000000515f3fdb50
Event: 129.039 Thread 0x000001b814180990 DEOPT UNPACKING pc=0x000001b826124422 sp=0x000000515f3fdaa8 mode 2
Event: 129.162 Thread 0x000001b814180990 Uncommon trap: trap_request=0xffffffc6 fr.pc=0x000001b826efe1bc relative=0x000000000000117c
Event: 129.162 Thread 0x000001b814180990 Uncommon trap: reason=bimorphic_or_optimized_type_check action=maybe_recompile pc=0x000001b826efe1bc method=org.jetbrains.kotlin.fir.types.ConeAttributes.add(Lorg/jetbrains/kotlin/fir/types/ConeAttributes;)Lorg/jetbrains/kotlin/fir/types/ConeAttributes; @
Event: 129.162 Thread 0x000001b814180990 DEOPT PACKING pc=0x000001b826efe1bc sp=0x000000515f3fc1c0
Event: 129.162 Thread 0x000001b814180990 DEOPT UNPACKING pc=0x000001b826124422 sp=0x000000515f3fc160 mode 2
Event: 129.164 Thread 0x000001b814180990 Uncommon trap: trap_request=0xffffffc6 fr.pc=0x000001b826efe1bc relative=0x000000000000117c
Event: 129.164 Thread 0x000001b814180990 Uncommon trap: reason=bimorphic_or_optimized_type_check action=maybe_recompile pc=0x000001b826efe1bc method=org.jetbrains.kotlin.fir.types.ConeAttributes.add(Lorg/jetbrains/kotlin/fir/types/ConeAttributes;)Lorg/jetbrains/kotlin/fir/types/ConeAttributes; @
Event: 129.164 Thread 0x000001b814180990 DEOPT PACKING pc=0x000001b826efe1bc sp=0x000000515f3fc1c0
Event: 129.164 Thread 0x000001b814180990 DEOPT UNPACKING pc=0x000001b826124422 sp=0x000000515f3fc160 mode 2
Event: 129.164 Thread 0x000001b814180990 Uncommon trap: trap_request=0xffffffc6 fr.pc=0x000001b826efe1bc relative=0x000000000000117c
Event: 129.164 Thread 0x000001b814180990 Uncommon trap: reason=bimorphic_or_optimized_type_check action=maybe_recompile pc=0x000001b826efe1bc method=org.jetbrains.kotlin.fir.types.ConeAttributes.add(Lorg/jetbrains/kotlin/fir/types/ConeAttributes;)Lorg/jetbrains/kotlin/fir/types/ConeAttributes; @
Event: 129.164 Thread 0x000001b814180990 DEOPT PACKING pc=0x000001b826efe1bc sp=0x000000515f3fc1c0
Event: 129.164 Thread 0x000001b814180990 DEOPT UNPACKING pc=0x000001b826124422 sp=0x000000515f3fc160 mode 2
Event: 129.166 Thread 0x000001b814180990 Uncommon trap: trap_request=0xffffffc6 fr.pc=0x000001b826efe1bc relative=0x000000000000117c
Event: 129.167 Thread 0x000001b814180990 Uncommon trap: reason=bimorphic_or_optimized_type_check action=maybe_recompile pc=0x000001b826efe1bc method=org.jetbrains.kotlin.fir.types.ConeAttributes.add(Lorg/jetbrains/kotlin/fir/types/ConeAttributes;)Lorg/jetbrains/kotlin/fir/types/ConeAttributes; @
Event: 129.167 Thread 0x000001b814180990 DEOPT PACKING pc=0x000001b826efe1bc sp=0x000000515f3fc1c0
Event: 129.167 Thread 0x000001b814180990 DEOPT UNPACKING pc=0x000001b826124422 sp=0x000000515f3fc160 mode 2

Classes loaded (20 events):
Event: 54.472 Loading class java/util/AbstractList$SubList$1
Event: 54.474 Loading class java/util/AbstractList$SubList$1 done
Event: 56.178 Loading class java/lang/Byte$ByteCache
Event: 56.181 Loading class java/lang/Byte$ByteCache done
Event: 62.367 Loading class java/util/stream/IntStream
Event: 62.368 Loading class java/util/stream/IntStream done
Event: 62.368 Loading class java/util/stream/LongStream
Event: 62.370 Loading class java/util/stream/LongStream done
Event: 62.370 Loading class java/util/stream/DoubleStream
Event: 62.372 Loading class java/util/stream/DoubleStream done
Event: 62.770 Loading class java/util/EnumMap$EntrySet
Event: 62.787 Loading class java/util/EnumMap$EntrySet done
Event: 62.792 Loading class java/util/EnumMap$EntryIterator
Event: 62.796 Loading class java/util/EnumMap$EnumMapIterator
Event: 62.797 Loading class java/util/EnumMap$EnumMapIterator done
Event: 62.797 Loading class java/util/EnumMap$EntryIterator done
Event: 62.797 Loading class java/util/EnumMap$EntryIterator$Entry
Event: 62.805 Loading class java/util/EnumMap$EntryIterator$Entry done
Event: 70.509 Loading class java/lang/Short$ShortCache
Event: 70.511 Loading class java/lang/Short$ShortCache done

Classes unloaded (0 events):
No events

Classes redefined (0 events):
No events

Internal exceptions (20 events):
Event: 60.484 Thread 0x000001b814180990 Exception <a 'java/lang/NoSuchMethodError'{0x0000000092409a40}: 'java.lang.Object java.lang.invoke.DirectMethodHandle$Holder.invokeStatic(java.lang.Object, int, java.lang.Object, java.lang.Object)'> (0x0000000092409a40) 
thrown [s\src\hotspot\share\interpreter\linkResolver.cpp, line 773]
Event: 62.465 Thread 0x000001b814180990 Exception <a 'java/lang/NoSuchMethodError'{0x00000000914896b8}: 'java.lang.Object java.lang.invoke.Invokers$Holder.invokeExact_MT(java.lang.Object, java.lang.Object, long, java.lang.Object)'> (0x00000000914896b8) 
thrown [s\src\hotspot\share\interpreter\linkResolver.cpp, line 773]
Event: 64.594 Thread 0x000001b814180990 Exception <a 'java/lang/NoSuchMethodError'{0x00000000908fbb98}: 'java.lang.Object java.lang.invoke.DirectMethodHandle$Holder.invokeStatic(java.lang.Object, java.lang.Object, java.lang.Object, int, java.lang.Object, java.lang.Object)'> (0x00000000908fbb98) 
thrown [s\src\hotspot\share\interpreter\linkResolver.cpp, line 773]
Event: 65.159 Thread 0x000001b814180990 Implicit null exception at 0x000001b82688d51f to 0x000001b82688e9a8
Event: 65.806 Thread 0x000001b814180990 Exception <a 'java/lang/NoSuchMethodError'{0x0000000092678300}: 'java.lang.Object java.lang.invoke.DirectMethodHandle$Holder.invokeStatic(java.lang.Object, int, java.lang.Object)'> (0x0000000092678300) 
thrown [s\src\hotspot\share\interpreter\linkResolver.cpp, line 773]
Event: 86.181 Thread 0x000001b814180990 Implicit null exception at 0x000001b826d680fc to 0x000001b826d70589
Event: 97.261 Thread 0x000001b814180990 Implicit null exception at 0x000001b826a48f25 to 0x000001b826a492d4
Event: 97.418 Thread 0x000001b814180990 Exception <a 'java/lang/NoSuchMethodError'{0x0000000091e68df8}: 'java.lang.Object java.lang.invoke.DirectMethodHandle$Holder.invokeStatic(java.lang.Object, java.lang.Object, java.lang.Object, java.lang.Object, java.lang.Object, int)'> (0x0000000091e68df8) 
thrown [s\src\hotspot\share\interpreter\linkResolver.cpp, line 773]
Event: 97.432 Thread 0x000001b814180990 Exception <a 'java/lang/NoSuchMethodError'{0x0000000091e830d8}: 'java.lang.Object java.lang.invoke.DirectMethodHandle$Holder.invokeStatic(java.lang.Object, int, int, java.lang.Object)'> (0x0000000091e830d8) 
thrown [s\src\hotspot\share\interpreter\linkResolver.cpp, line 773]
Event: 97.433 Thread 0x000001b814180990 Exception <a 'java/lang/NoSuchMethodError'{0x0000000091e867b8}: 'java.lang.Object java.lang.invoke.DirectMethodHandle$Holder.invokeStaticInit(java.lang.Object, int, int, java.lang.Object)'> (0x0000000091e867b8) 
thrown [s\src\hotspot\share\interpreter\linkResolver.cpp, line 773]
Event: 98.145 Thread 0x000001b814180990 Exception <a 'java/lang/NoSuchMethodError'{0x0000000091be3898}: 'java.lang.Object java.lang.invoke.DirectMethodHandle$Holder.newInvokeSpecial(java.lang.Object, java.lang.Object, java.lang.Object, java.lang.Object, java.lang.Object, java.lang.Object, int)'> (0x0000000091be3898) 
thrown [s\src\hotspot\share\interpreter\linkResolver.cpp, line 773]
Event: 98.147 Thread 0x000001b814180990 Exception <a 'java/lang/NoSuchMethodError'{0x0000000091be8168}: 'java.lang.Object java.lang.invoke.DirectMethodHandle$Holder.invokeSpecial(java.lang.Object, java.lang.Object, java.lang.Object, java.lang.Object, java.lang.Object, java.lang.Object, java.lang.Object, int)'> (0x0000000091be8168) 
thrown [s\src\hotspot\share\interpreter\linkResolver.cpp, line 773]
Event: 98.148 Thread 0x000001b814180990 Exception <a 'java/lang/NoSuchMethodError'{0x0000000091bec5c8}: 'java.lang.Object java.lang.invoke.Invokers$Holder.linkToTargetMethod(java.lang.Object, java.lang.Object, java.lang.Object, java.lang.Object, java.lang.Object, int, java.lang.Object)'> (0x0000000091bec5c8) 
thrown [s\src\hotspot\share\interpreter\linkResolver.cpp, line 773]
Event: 98.624 Thread 0x000001b814180990 Implicit null exception at 0x000001b826bd1a88 to 0x000001b826bd1e6c
Event: 99.023 Thread 0x000001b814180990 Implicit null exception at 0x000001b826e2ce2e to 0x000001b826e2d0bc
Event: 99.521 Thread 0x000001b814180990 Implicit null exception at 0x000001b8269a8a63 to 0x000001b8269a8c40
Event: 100.295 Thread 0x000001b814180990 Exception <a 'java/lang/NoSuchMethodError'{0x00000000970b39a8}: 'java.lang.Object java.lang.invoke.DirectMethodHandle$Holder.invokeStatic(java.lang.Object, java.lang.Object, int, java.lang.Object)'> (0x00000000970b39a8) 
thrown [s\src\hotspot\share\interpreter\linkResolver.cpp, line 773]
Event: 122.652 Thread 0x000001b814180990 Implicit null exception at 0x000001b826fc5d19 to 0x000001b826fc68d0
Event: 128.928 Thread 0x000001b814180990 Exception <a 'java/lang/NoSuchMethodError'{0x0000000095be18e0}: 'java.lang.Object java.lang.invoke.DirectMethodHandle$Holder.newInvokeSpecial(java.lang.Object, java.lang.Object, int, java.lang.Object, java.lang.Object, java.lang.Object, java.lang.Object)'> (0x0000000095be18e0) 
thrown [s\src\hotspot\share\interpreter\linkResolver.cpp, line 773]
Event: 128.935 Thread 0x000001b814180990 Exception <a 'java/lang/NoSuchMethodError'{0x0000000095be94d0}: 'java.lang.Object java.lang.invoke.Invokers$Holder.linkToTargetMethod(java.lang.Object, int, java.lang.Object, java.lang.Object, java.lang.Object, java.lang.Object, java.lang.Object)'> (0x0000000095be94d0) 
thrown [s\src\hotspot\share\interpreter\linkResolver.cpp, line 773]

ZGC Phase Switch (0 events):
No events

VM Operations (20 events):
Event: 119.334 Executing safepoint VM operation: G1CollectForAllocation (G1 Evacuation Pause) done
Event: 120.339 Executing safepoint VM operation: Cleanup
Event: 120.355 Executing safepoint VM operation: Cleanup done
Event: 121.365 Executing safepoint VM operation: Cleanup
Event: 121.397 Executing safepoint VM operation: Cleanup done
Event: 122.403 Executing safepoint VM operation: Cleanup
Event: 122.435 Executing safepoint VM operation: Cleanup done
Event: 123.451 Executing safepoint VM operation: Cleanup
Event: 124.066 Executing safepoint VM operation: Cleanup done
Event: 125.078 Executing safepoint VM operation: Cleanup
Event: 125.094 Executing safepoint VM operation: Cleanup done
Event: 126.106 Executing safepoint VM operation: Cleanup
Event: 126.107 Executing safepoint VM operation: Cleanup done
Event: 127.121 Executing safepoint VM operation: Cleanup
Event: 127.406 Executing safepoint VM operation: Cleanup done
Event: 128.418 Executing safepoint VM operation: Cleanup
Event: 128.419 Executing safepoint VM operation: Cleanup done
Event: 129.029 Executing non-safepoint VM operation: HandshakeAllThreads (Deoptimize)
Event: 129.029 Executing non-safepoint VM operation: HandshakeAllThreads (Deoptimize) done
Event: 130.039 Executing safepoint VM operation: Cleanup

Memory protections (0 events):
No events

Nmethod flushes (20 events):
Event: 99.694 Thread 0x000001b8333acd60 flushing  nmethod 0x000001b81f860f10
Event: 99.694 Thread 0x000001b8333acd60 flushing  nmethod 0x000001b81f917990
Event: 99.694 Thread 0x000001b8333acd60 flushing  nmethod 0x000001b81f91e510
Event: 99.695 Thread 0x000001b8333acd60 flushing  nmethod 0x000001b81f98ed90
Event: 99.695 Thread 0x000001b8333acd60 flushing  nmethod 0x000001b81fadb890
Event: 99.695 Thread 0x000001b8333acd60 flushing  nmethod 0x000001b81fadcd10
Event: 99.695 Thread 0x000001b8333acd60 flushing  nmethod 0x000001b81faddf90
Event: 99.695 Thread 0x000001b8333acd60 flushing  nmethod 0x000001b81fadf710
Event: 99.695 Thread 0x000001b8333acd60 flushing  nmethod 0x000001b81fb9e690
Event: 99.695 Thread 0x000001b8333acd60 flushing  nmethod 0x000001b81fb9f290
Event: 99.695 Thread 0x000001b8333acd60 flushing  nmethod 0x000001b81fc91a90
Event: 99.695 Thread 0x000001b8333acd60 flushing  nmethod 0x000001b81fca4990
Event: 99.695 Thread 0x000001b8333acd60 flushing  nmethod 0x000001b81fca6a10
Event: 99.695 Thread 0x000001b8333acd60 flushing  nmethod 0x000001b81fca8710
Event: 99.695 Thread 0x000001b8333acd60 flushing  nmethod 0x000001b81fdbdf10
Event: 99.695 Thread 0x000001b8333acd60 flushing  nmethod 0x000001b81ff3d490
Event: 99.695 Thread 0x000001b8333acd60 flushing  nmethod 0x000001b81ffdd290
Event: 99.695 Thread 0x000001b8333acd60 flushing  nmethod 0x000001b820094510
Event: 99.695 Thread 0x000001b8333acd60 flushing  nmethod 0x000001b8201e9f10
Event: 99.695 Thread 0x000001b8333acd60 flushing  nmethod 0x000001b8203c2290

Events (20 events):
Event: 0.638 Thread 0x000001b814180990 Thread added: 0x000001b8335737d0
Event: 0.652 Thread 0x000001b814180990 Thread added: 0x000001b83357e030
Event: 62.874 Thread 0x000001b8333e96d0 Thread added: 0x000001b80167b610
Event: 64.254 Thread 0x000001b80167b610 Thread exited: 0x000001b80167b610
Event: 64.613 Thread 0x000001b8333e96d0 Thread added: 0x000001b80167a870
Event: 64.970 Thread 0x000001b8333e96d0 Thread added: 0x000001b80167b610
Event: 65.512 Thread 0x000001b80167b610 Thread exited: 0x000001b80167b610
Event: 66.166 Thread 0x000001b8333e38f0 Thread added: 0x000001b80167b610
Event: 67.435 Thread 0x000001b80167b610 Thread exited: 0x000001b80167b610
Event: 70.114 Thread 0x000001b80167a870 Thread exited: 0x000001b80167a870
Event: 70.239 Thread 0x000001b8333e96d0 Thread added: 0x000001b80167d820
Event: 71.249 Thread 0x000001b80167d820 Thread exited: 0x000001b80167d820
Event: 72.874 Thread 0x000001b8333e96d0 Thread added: 0x000001b80167d820
Event: 93.670 Thread 0x000001b80167d820 Thread exited: 0x000001b80167d820
Event: 108.341 Thread 0x000001b8333e96d0 Thread added: 0x000001b80a0eca50
Event: 109.883 Thread 0x000001b80a0eca50 Thread exited: 0x000001b80a0eca50
Event: 110.037 Thread 0x000001b8333e96d0 Thread added: 0x000001b80a0ec380
Event: 111.821 Thread 0x000001b80a0ec380 Thread exited: 0x000001b80a0ec380
Event: 126.365 Thread 0x000001b8333e96d0 Thread added: 0x000001b80a0eec60
Event: 126.684 Thread 0x000001b80a0eec60 Thread exited: 0x000001b80a0eec60


Dynamic libraries:
0x00007ff6d92d0000 - 0x00007ff6d92de000 	C:\Users\hulbe\.jdks\ms-21.0.10\bin\java.exe
0x00007ffd79000000 - 0x00007ffd79267000 	C:\WINDOWS\SYSTEM32\ntdll.dll
0x00007ffd76fd0000 - 0x00007ffd77099000 	C:\WINDOWS\System32\KERNEL32.DLL
0x00007ffd767e0000 - 0x00007ffd76bd4000 	C:\WINDOWS\System32\KERNELBASE.dll
0x00007ffd76690000 - 0x00007ffd767db000 	C:\WINDOWS\System32\ucrtbase.dll
0x00007ffd47120000 - 0x00007ffd47138000 	C:\Users\hulbe\.jdks\ms-21.0.10\bin\jli.dll
0x00007ffd46ed0000 - 0x00007ffd46eee000 	C:\Users\hulbe\.jdks\ms-21.0.10\bin\VCRUNTIME140.dll
0x00007ffd770f0000 - 0x00007ffd772b5000 	C:\WINDOWS\System32\USER32.dll
0x00007ffd76be0000 - 0x00007ffd76c07000 	C:\WINDOWS\System32\win32u.dll
0x00007ffd76fa0000 - 0x00007ffd76fcb000 	C:\WINDOWS\System32\GDI32.dll
0x00007ffd76560000 - 0x00007ffd7668b000 	C:\WINDOWS\System32\gdi32full.dll
0x00007ffd75a40000 - 0x00007ffd75ae3000 	C:\WINDOWS\System32\msvcp_win.dll
0x00007ffd56df0000 - 0x00007ffd57083000 	C:\WINDOWS\WinSxS\amd64_microsoft.windows.common-controls_6595b64144ccf1df_6.0.26100.8115_none_3e075c82e3354f9c\COMCTL32.dll
0x00007ffd78040000 - 0x00007ffd780e9000 	C:\WINDOWS\System32\msvcrt.dll
0x00007ffd78170000 - 0x00007ffd781a2000 	C:\WINDOWS\System32\IMM32.DLL
0x00007ffd47c00000 - 0x00007ffd47c0c000 	C:\Users\hulbe\.jdks\ms-21.0.10\bin\vcruntime140_1.dll
0x00007ffd43de0000 - 0x00007ffd43e69000 	C:\Users\hulbe\.jdks\ms-21.0.10\bin\msvcp140.dll
0x00007ffcd0d20000 - 0x00007ffcd1acd000 	C:\Users\hulbe\.jdks\ms-21.0.10\bin\server\jvm.dll
0x00007ffd773c0000 - 0x00007ffd77476000 	C:\WINDOWS\System32\ADVAPI32.dll
0x00007ffd76d90000 - 0x00007ffd76e37000 	C:\WINDOWS\System32\sechost.dll
0x00007ffd78e50000 - 0x00007ffd78f68000 	C:\WINDOWS\System32\RPCRT4.dll
0x00007ffd77c70000 - 0x00007ffd77cf0000 	C:\WINDOWS\System32\WS2_32.dll
0x00007ffd70db0000 - 0x00007ffd70de6000 	C:\WINDOWS\SYSTEM32\WINMM.dll
0x00007ffd6ccf0000 - 0x00007ffd6ccfb000 	C:\WINDOWS\SYSTEM32\VERSION.dll
0x00007ffd75730000 - 0x00007ffd7578e000 	C:\WINDOWS\SYSTEM32\POWRPROF.dll
0x00007ffd75710000 - 0x00007ffd75724000 	C:\WINDOWS\SYSTEM32\UMPDC.dll
0x00007ffd74630000 - 0x00007ffd7464b000 	C:\WINDOWS\SYSTEM32\kernel.appcore.dll
0x00007ffd471f0000 - 0x00007ffd471fa000 	C:\Users\hulbe\.jdks\ms-21.0.10\bin\jimage.dll
0x00007ffd73700000 - 0x00007ffd73942000 	C:\WINDOWS\SYSTEM32\DBGHELP.DLL
0x00007ffd78490000 - 0x00007ffd78812000 	C:\WINDOWS\System32\combase.dll
0x00007ffd76eb0000 - 0x00007ffd76f88000 	C:\WINDOWS\System32\OLEAUT32.dll
0x00007ffd45d60000 - 0x00007ffd45d9b000 	C:\WINDOWS\SYSTEM32\dbgcore.DLL
0x00007ffd764b0000 - 0x00007ffd76555000 	C:\WINDOWS\System32\bcryptPrimitives.dll
0x00007ffd45e20000 - 0x00007ffd45e41000 	C:\Users\hulbe\.jdks\ms-21.0.10\bin\java.dll
0x00007ffd77490000 - 0x00007ffd77bf7000 	C:\WINDOWS\System32\SHELL32.dll
0x00007ffd758d0000 - 0x00007ffd75a3a000 	C:\WINDOWS\System32\wintypes.dll
0x00007ffd75af0000 - 0x00007ffd76358000 	C:\WINDOWS\System32\windows.storage.dll
0x00007ffd772c0000 - 0x00007ffd773b8000 	C:\WINDOWS\System32\SHCORE.dll
0x00007ffd76e40000 - 0x00007ffd76ea6000 	C:\WINDOWS\System32\shlwapi.dll
0x00007ffd757f0000 - 0x00007ffd75819000 	C:\WINDOWS\SYSTEM32\profapi.dll
0x00007ffd43d00000 - 0x00007ffd43dd6000 	C:\Users\hulbe\.jdks\ms-21.0.10\bin\jsvml.dll
0x00007ffd442b0000 - 0x00007ffd442c1000 	C:\Users\hulbe\.jdks\ms-21.0.10\bin\net.dll
0x00007ffd6f5c0000 - 0x00007ffd6f6ed000 	C:\WINDOWS\SYSTEM32\WINHTTP.dll
0x00007ffd74bb0000 - 0x00007ffd74c1c000 	C:\WINDOWS\system32\mswsock.dll
0x00007ffd43ce0000 - 0x00007ffd43cf6000 	C:\Users\hulbe\.jdks\ms-21.0.10\bin\nio.dll
0x00007ffd442d0000 - 0x00007ffd442e8000 	C:\Users\hulbe\.jdks\ms-21.0.10\bin\zip.dll
0x00007ffd45ad0000 - 0x00007ffd45ada000 	C:\Users\hulbe\.jdks\ms-21.0.10\bin\management.dll
0x00007ffd442a0000 - 0x00007ffd442ac000 	C:\Users\hulbe\.jdks\ms-21.0.10\bin\management_ext.dll
0x00007ffd77f70000 - 0x00007ffd77f78000 	C:\WINDOWS\System32\PSAPI.DLL
0x00007ffd47170000 - 0x00007ffd47180000 	C:\Users\hulbe\.jdks\ms-21.0.10\bin\verify.dll

JVMTI agents: none

dbghelp: loaded successfully - version: 4.0.5 - missing functions: none
symbol engine: initialized successfully - sym options: 0x614 - pdb path: .;C:\Users\hulbe\.jdks\ms-21.0.10\bin;C:\WINDOWS\SYSTEM32;C:\WINDOWS\WinSxS\amd64_microsoft.windows.common-controls_6595b64144ccf1df_6.0.26100.8115_none_3e075c82e3354f9c;C:\Users\hulbe\.jdks\ms-21.0.10\bin\server

VM Arguments:
java_command: org.jetbrains.kotlin.cli.jvm.K2JVMCompiler @C:\Users\hulbe\AndroidStudioProjects\ComuniApp\app\build\20260416_2102812926541088755.compiler.options
java_class_path (initial): C:\Users\hulbe\.gradle\caches\modules-2\files-2.1\org.jetbrains.kotlin\kotlin-compiler-embeddable\2.2.21\b13aed5cf8412f9ee9d1e4db21bdcfebcc24f606\kotlin-compiler-embeddable-2.2.21.jar;C:\Users\hulbe\.gradle\caches\modules-2\files-2.1\org.jetbrains.kotlin\kotlin-stdlib\2.2.21\fa374a986e128314c3db00a20aae55f72a258511\kotlin-stdlib-2.2.21.jar;C:\Users\hulbe\.gradle\caches\modules-2\files-2.1\org.jetbrains.kotlin\kotlin-script-runtime\2.2.21\e9b021c4e335e4ed7a7e3b32285249ae6bb3a6c8\kotlin-script-runtime-2.2.21.jar;C:\Users\hulbe\.gradle\caches\modules-2\files-2.1\org.jetbrains.kotlin\kotlin-reflect\1.6.10\1cbe9c92c12a94eea200d23c2bbaedaf3daf5132\kotlin-reflect-1.6.10.jar;C:\Users\hulbe\.gradle\caches\modules-2\files-2.1\org.jetbrains.kotlin\kotlin-daemon-embeddable\2.2.21\78fde5db1c92786448170b351d8f8868acabd2ce\kotlin-daemon-embeddable-2.2.21.jar;C:\Users\hulbe\.gradle\caches\modules-2\files-2.1\org.jetbrains.kotlinx\kotlinx-coroutines-core-jvm\1.8.0\ac1dc37a30a93150b704022f8d895ee1bd3a36b3\kotlinx-coroutines-core-jvm-1.8.0.jar;C:\Users\hulbe\.gradle\caches\modules-2\files-2.1\org.jetbrains\annotations\13.0\919f0dfe192fb4e063e7dacadee7f8bb9a2672a9\annotations-13.0.jar
Launcher Type: SUN_STANDARD

[Global flags]
     intx CICompilerCount                          = 4                                         {product} {ergonomic}
     uint ConcGCThreads                            = 3                                         {product} {ergonomic}
     uint G1ConcRefinementThreads                  = 10                                        {product} {ergonomic}
   size_t G1HeapRegionSize                         = 1048576                                   {product} {ergonomic}
    uintx GCDrainStackTargetSize                   = 64                                        {product} {ergonomic}
   size_t InitialHeapSize                          = 130023424                                 {product} {ergonomic}
   size_t MarkStackSize                            = 4194304                                   {product} {ergonomic}
   size_t MaxHeapSize                              = 2067791872                                {product} {ergonomic}
   size_t MaxNewSize                               = 1240465408                                {product} {ergonomic}
   size_t MinHeapDeltaBytes                        = 1048576                                   {product} {ergonomic}
   size_t MinHeapSize                              = 8388608                                   {product} {ergonomic}
    uintx NonNMethodCodeHeapSize                   = 5839372                                {pd product} {ergonomic}
    uintx NonProfiledCodeHeapSize                  = 122909434                              {pd product} {ergonomic}
    uintx ProfiledCodeHeapSize                     = 122909434                              {pd product} {ergonomic}
    uintx ReservedCodeCacheSize                    = 251658240                              {pd product} {ergonomic}
     bool SegmentedCodeCache                       = true                                      {product} {ergonomic}
   size_t SoftMaxHeapSize                          = 2067791872                             {manageable} {ergonomic}
     bool UseCompressedOops                        = true                           {product lp64_product} {ergonomic}
     bool UseG1GC                                  = true                                      {product} {ergonomic}
     bool UseLargePagesIndividualAllocation        = false                                  {pd product} {ergonomic}

Logging:
Log output configuration:
 #0: stdout all=warning uptime,level,tags foldmultilines=false
 #1: stderr all=off uptime,level,tags foldmultilines=false

Release file:
IMPLEMENTOR="Microsoft" 
IMPLEMENTOR_VERSION="Microsoft-13106404" 
JAVA_RUNTIME_VERSION="21.0.10+7-LTS" 
JAVA_VERSION="21.0.10" 
JAVA_VERSION_DATE="2026-01-20" 
LIBC="default" 
MODULES="java.base java.compiler java.datatransfer java.xml java.prefs java.desktop java.instrument java.logging java.management java.security.sasl java.naming java.rmi java.management.rmi java.net.http java.scripting java.security.jgss java.transaction.xa java.sql java.sql.rowset java.xml.crypto java.se java.smartcardio jdk.accessibility jdk.internal.jvmstat jdk.attach jdk.charsets jdk.internal.opt jdk.zipfs jdk.compiler jdk.crypto.ec jdk.crypto.cryptoki jdk.crypto.mscapi jdk.dynalink jdk.internal.ed jdk.editpad jdk.hotspot.agent jdk.httpserver jdk.incubator.vector jdk.internal.le jdk.internal.vm.ci jdk.internal.vm.compiler jdk.internal.vm.compiler.management jdk.jartool jdk.javadoc jdk.jcmd jdk.management jdk.management.agent jdk.jconsole jdk.jdeps jdk.jdwp.agent jdk.jdi jdk.jfr jdk.jlink jdk.jpackage jdk.jshell jdk.jsobject jdk.jstatd jdk.localedata jdk.management.jfr jdk.naming.dns jdk.naming.rmi jdk.net jdk.nio.mapmode jdk.random jdk.sctp jdk.security.auth jdk.security.jgss jdk.unsupported jdk.unsupported.desktop jdk.xml.dom" 
OS_ARCH="x86_64" 
OS_NAME="Windows" 
SOURCE=".:git:e69b6ef7382e" 

Environment Variables:
JAVA_HOME=C:\Program Files\Java\jdk-25\
PATH=C:\Program Files\Python314\Scripts\;C:\Program Files\Python314\;C:\Program Files\Common Files\Oracle\Java\javapath;C:\WINDOWS\system32;C:\WINDOWS;C:\WINDOWS\System32\Wbem;C:\WINDOWS\System32\WindowsPowerShell\v1.0\;C:\WINDOWS\System32\OpenSSH\;C:\Program Files\Java\jdk-25\bin;C:\Users\hulbe\AppData\Local\Android\Sdk\platform-tools;C:\Users\hulbe\AppData\Local\Android\Sdk\emulator;C:\Users\hulbe\AppData\Local\Android\Sdk\cmdline-tools\latest\bin;C:\Program Files\Git\cmd;C:\Users\hulbe\AppData\Local\Microsoft\WindowsApps;C:\Users\hulbe\AppData\Local\Programs\Microsoft VS Code\bin
USERNAME=hulbe
TERM=xterm
OS=Windows_NT
PROCESSOR_IDENTIFIER=Intel64 Family 6 Model 154 Stepping 3, GenuineIntel
TMP=C:\Users\hulbe\AppData\Local\Temp
TEMP=C:\Users\hulbe\AppData\Local\Temp




Periodic native trim disabled

---------------  S Y S T E M  ---------------

OS:
 Windows 11 , 64 bit Build 26100 (10.0.26100.8246)
OS uptime: 0 days 13:14 hours
Hyper-V role detected

CPU: total 12 (initial active 12) (6 cores per cpu, 2 threads per core) family 6 model 154 stepping 3 microcode 0x43b, cx8, cmov, fxsr, ht, mmx, 3dnowpref, sse, sse2, sse3, ssse3, sse4.1, sse4.2, popcnt, lzcnt, tsc, tscinvbit, avx, avx2, aes, erms, clmul, bmi1, bmi2, adx, sha, fma, vzeroupper, clflush, clflushopt, clwb, hv, serialize, rdtscp, rdpid, fsrm, f16c, cet_ibt, cet_ss
Processor Information for processor 0
  Max Mhz: 2000, Current Mhz: 2000, Mhz Limit: 2000
Processor Information for processor 1
  Max Mhz: 2000, Current Mhz: 2000, Mhz Limit: 2000
Processor Information for processor 2
  Max Mhz: 2000, Current Mhz: 2000, Mhz Limit: 2000
Processor Information for processor 3
  Max Mhz: 2000, Current Mhz: 2000, Mhz Limit: 2000
Processor Information for processor 4
  Max Mhz: 2000, Current Mhz: 2000, Mhz Limit: 2000
Processor Information for processor 5
  Max Mhz: 2000, Current Mhz: 2000, Mhz Limit: 2000
Processor Information for processor 6
  Max Mhz: 2000, Current Mhz: 2000, Mhz Limit: 2000
Processor Information for processor 7
  Max Mhz: 2000, Current Mhz: 2000, Mhz Limit: 2000
Processor Information for processor 8
  Max Mhz: 2000, Current Mhz: 1500, Mhz Limit: 1500
Processor Information for processor 9
  Max Mhz: 2000, Current Mhz: 1500, Mhz Limit: 1500
Processor Information for processor 10
  Max Mhz: 2000, Current Mhz: 1500, Mhz Limit: 1500
Processor Information for processor 11
  Max Mhz: 2000, Current Mhz: 1500, Mhz Limit: 1500

Memory: 4k page, system-wide physical 7884M (234M free)
TotalPageFile size 23884M (AvailPageFile size 2M)
current process WorkingSet (physical memory assigned to process): 272M, peak: 456M
current process commit charge ("private bytes"): 597M, peak: 599M

vm_info: OpenJDK 64-Bit Server VM (21.0.10+7-LTS) for windows-amd64 JRE (21.0.10+7-LTS), built on 2026-01-15T18:39:42Z by "MicrosoftCorporation" with MS VC++ 17.14 (VS2022)

END.
